[2025-01-25T00:07:03.233+0000] {processor.py:157} INFO - Started process (PID=46) to work on /home/airflow/.local/lib/python3.7/site-packages/airflow/example_dags/example_branch_datetime_operator.py
[2025-01-25T00:07:03.234+0000] {processor.py:826} INFO - Processing file /home/airflow/.local/lib/python3.7/site-packages/airflow/example_dags/example_branch_datetime_operator.py for tasks to queue
[2025-01-25T00:07:03.234+0000] {logging_mixin.py:150} INFO - [2025-01-25T00:07:03.234+0000] {dagbag.py:541} INFO - Filling up the DagBag from /home/airflow/.local/lib/python3.7/site-packages/airflow/example_dags/example_branch_datetime_operator.py
[2025-01-25T00:07:03.239+0000] {processor.py:836} INFO - DAG(s) dict_keys(['example_branch_datetime_operator_2', 'example_branch_datetime_operator_3', 'example_branch_datetime_operator']) retrieved from /home/airflow/.local/lib/python3.7/site-packages/airflow/example_dags/example_branch_datetime_operator.py
[2025-01-25T00:07:03.245+0000] {logging_mixin.py:150} INFO - [2025-01-25T00:07:03.245+0000] {dag.py:2742} INFO - Sync 3 DAGs
[2025-01-25T00:07:03.260+0000] {logging_mixin.py:150} INFO - [2025-01-25T00:07:03.259+0000] {dag.py:3508} INFO - Setting next_dagrun for example_branch_datetime_operator to 2025-01-24T00:00:00+00:00, run_after=2025-01-25T00:00:00+00:00
[2025-01-25T00:07:03.262+0000] {logging_mixin.py:150} INFO - [2025-01-25T00:07:03.262+0000] {dag.py:3508} INFO - Setting next_dagrun for example_branch_datetime_operator_2 to 2025-01-24T00:00:00+00:00, run_after=2025-01-25T00:00:00+00:00
[2025-01-25T00:07:03.263+0000] {logging_mixin.py:150} INFO - [2025-01-25T00:07:03.263+0000] {dag.py:3508} INFO - Setting next_dagrun for example_branch_datetime_operator_3 to 2025-01-24T00:00:00+00:00, run_after=2025-01-25T00:00:00+00:00
[2025-01-25T00:07:03.271+0000] {processor.py:179} INFO - Processing /home/airflow/.local/lib/python3.7/site-packages/airflow/example_dags/example_branch_datetime_operator.py took 0.040 seconds
[2025-01-25T00:07:34.313+0000] {processor.py:157} INFO - Started process (PID=113) to work on /home/airflow/.local/lib/python3.7/site-packages/airflow/example_dags/example_branch_datetime_operator.py
[2025-01-25T00:07:34.313+0000] {processor.py:826} INFO - Processing file /home/airflow/.local/lib/python3.7/site-packages/airflow/example_dags/example_branch_datetime_operator.py for tasks to queue
[2025-01-25T00:07:34.314+0000] {logging_mixin.py:150} INFO - [2025-01-25T00:07:34.314+0000] {dagbag.py:541} INFO - Filling up the DagBag from /home/airflow/.local/lib/python3.7/site-packages/airflow/example_dags/example_branch_datetime_operator.py
[2025-01-25T00:07:34.321+0000] {processor.py:836} INFO - DAG(s) dict_keys(['example_branch_datetime_operator_2', 'example_branch_datetime_operator_3', 'example_branch_datetime_operator']) retrieved from /home/airflow/.local/lib/python3.7/site-packages/airflow/example_dags/example_branch_datetime_operator.py
[2025-01-25T00:07:34.329+0000] {logging_mixin.py:150} INFO - [2025-01-25T00:07:34.329+0000] {dag.py:2742} INFO - Sync 3 DAGs
[2025-01-25T00:07:34.341+0000] {logging_mixin.py:150} INFO - [2025-01-25T00:07:34.341+0000] {dag.py:3508} INFO - Setting next_dagrun for example_branch_datetime_operator to 2025-01-24T00:00:00+00:00, run_after=2025-01-25T00:00:00+00:00
[2025-01-25T00:07:34.343+0000] {logging_mixin.py:150} INFO - [2025-01-25T00:07:34.343+0000] {dag.py:3508} INFO - Setting next_dagrun for example_branch_datetime_operator_2 to 2025-01-24T00:00:00+00:00, run_after=2025-01-25T00:00:00+00:00
[2025-01-25T00:07:34.344+0000] {logging_mixin.py:150} INFO - [2025-01-25T00:07:34.344+0000] {dag.py:3508} INFO - Setting next_dagrun for example_branch_datetime_operator_3 to 2025-01-24T00:00:00+00:00, run_after=2025-01-25T00:00:00+00:00
[2025-01-25T00:07:34.351+0000] {processor.py:179} INFO - Processing /home/airflow/.local/lib/python3.7/site-packages/airflow/example_dags/example_branch_datetime_operator.py took 0.040 seconds
[2025-01-25T00:08:29.388+0000] {processor.py:157} INFO - Started process (PID=47) to work on /home/airflow/.local/lib/python3.7/site-packages/airflow/example_dags/example_branch_datetime_operator.py
[2025-01-25T00:08:29.389+0000] {processor.py:826} INFO - Processing file /home/airflow/.local/lib/python3.7/site-packages/airflow/example_dags/example_branch_datetime_operator.py for tasks to queue
[2025-01-25T00:08:29.389+0000] {logging_mixin.py:150} INFO - [2025-01-25T00:08:29.389+0000] {dagbag.py:541} INFO - Filling up the DagBag from /home/airflow/.local/lib/python3.7/site-packages/airflow/example_dags/example_branch_datetime_operator.py
[2025-01-25T00:08:29.394+0000] {processor.py:836} INFO - DAG(s) dict_keys(['example_branch_datetime_operator_3', 'example_branch_datetime_operator_2', 'example_branch_datetime_operator']) retrieved from /home/airflow/.local/lib/python3.7/site-packages/airflow/example_dags/example_branch_datetime_operator.py
[2025-01-25T00:08:29.400+0000] {logging_mixin.py:150} INFO - [2025-01-25T00:08:29.400+0000] {dag.py:2742} INFO - Sync 3 DAGs
[2025-01-25T00:08:29.413+0000] {logging_mixin.py:150} INFO - [2025-01-25T00:08:29.413+0000] {dag.py:3508} INFO - Setting next_dagrun for example_branch_datetime_operator to 2025-01-24T00:00:00+00:00, run_after=2025-01-25T00:00:00+00:00
[2025-01-25T00:08:29.415+0000] {logging_mixin.py:150} INFO - [2025-01-25T00:08:29.415+0000] {dag.py:3508} INFO - Setting next_dagrun for example_branch_datetime_operator_2 to 2025-01-24T00:00:00+00:00, run_after=2025-01-25T00:00:00+00:00
[2025-01-25T00:08:29.416+0000] {logging_mixin.py:150} INFO - [2025-01-25T00:08:29.416+0000] {dag.py:3508} INFO - Setting next_dagrun for example_branch_datetime_operator_3 to 2025-01-24T00:00:00+00:00, run_after=2025-01-25T00:00:00+00:00
[2025-01-25T00:08:29.423+0000] {processor.py:179} INFO - Processing /home/airflow/.local/lib/python3.7/site-packages/airflow/example_dags/example_branch_datetime_operator.py took 0.036 seconds
