[2025-01-25T00:07:02.565+0000] {processor.py:157} INFO - Started process (PID=31) to work on /home/airflow/.local/lib/python3.7/site-packages/airflow/example_dags/example_sensors.py
[2025-01-25T00:07:02.568+0000] {processor.py:826} INFO - Processing file /home/airflow/.local/lib/python3.7/site-packages/airflow/example_dags/example_sensors.py for tasks to queue
[2025-01-25T00:07:02.571+0000] {logging_mixin.py:150} INFO - [2025-01-25T00:07:02.570+0000] {dagbag.py:541} INFO - Filling up the DagBag from /home/airflow/.local/lib/python3.7/site-packages/airflow/example_dags/example_sensors.py
[2025-01-25T00:07:02.582+0000] {processor.py:836} INFO - DAG(s) dict_keys(['example_sensors']) retrieved from /home/airflow/.local/lib/python3.7/site-packages/airflow/example_dags/example_sensors.py
[2025-01-25T00:07:02.606+0000] {logging_mixin.py:150} INFO - [2025-01-25T00:07:02.606+0000] {dag.py:2742} INFO - Sync 1 DAGs
[2025-01-25T00:07:02.623+0000] {logging_mixin.py:150} INFO - [2025-01-25T00:07:02.623+0000] {dag.py:3508} INFO - Setting next_dagrun for example_sensors to None, run_after=None
[2025-01-25T00:07:02.635+0000] {processor.py:179} INFO - Processing /home/airflow/.local/lib/python3.7/site-packages/airflow/example_dags/example_sensors.py took 0.073 seconds
[2025-01-25T00:07:32.697+0000] {processor.py:157} INFO - Started process (PID=91) to work on /home/airflow/.local/lib/python3.7/site-packages/airflow/example_dags/example_sensors.py
[2025-01-25T00:07:32.703+0000] {processor.py:826} INFO - Processing file /home/airflow/.local/lib/python3.7/site-packages/airflow/example_dags/example_sensors.py for tasks to queue
[2025-01-25T00:07:32.704+0000] {logging_mixin.py:150} INFO - [2025-01-25T00:07:32.704+0000] {dagbag.py:541} INFO - Filling up the DagBag from /home/airflow/.local/lib/python3.7/site-packages/airflow/example_dags/example_sensors.py
[2025-01-25T00:07:32.729+0000] {processor.py:836} INFO - DAG(s) dict_keys(['example_sensors']) retrieved from /home/airflow/.local/lib/python3.7/site-packages/airflow/example_dags/example_sensors.py
[2025-01-25T00:07:32.742+0000] {logging_mixin.py:150} INFO - [2025-01-25T00:07:32.742+0000] {dag.py:2742} INFO - Sync 1 DAGs
[2025-01-25T00:07:32.766+0000] {logging_mixin.py:150} INFO - [2025-01-25T00:07:32.766+0000] {dag.py:3508} INFO - Setting next_dagrun for example_sensors to None, run_after=None
[2025-01-25T00:07:32.778+0000] {processor.py:179} INFO - Processing /home/airflow/.local/lib/python3.7/site-packages/airflow/example_dags/example_sensors.py took 0.086 seconds
[2025-01-25T00:08:28.790+0000] {processor.py:157} INFO - Started process (PID=32) to work on /home/airflow/.local/lib/python3.7/site-packages/airflow/example_dags/example_sensors.py
[2025-01-25T00:08:28.791+0000] {processor.py:826} INFO - Processing file /home/airflow/.local/lib/python3.7/site-packages/airflow/example_dags/example_sensors.py for tasks to queue
[2025-01-25T00:08:28.792+0000] {logging_mixin.py:150} INFO - [2025-01-25T00:08:28.792+0000] {dagbag.py:541} INFO - Filling up the DagBag from /home/airflow/.local/lib/python3.7/site-packages/airflow/example_dags/example_sensors.py
[2025-01-25T00:08:28.801+0000] {processor.py:836} INFO - DAG(s) dict_keys(['example_sensors']) retrieved from /home/airflow/.local/lib/python3.7/site-packages/airflow/example_dags/example_sensors.py
[2025-01-25T00:08:28.824+0000] {logging_mixin.py:150} INFO - [2025-01-25T00:08:28.824+0000] {dag.py:2742} INFO - Sync 1 DAGs
[2025-01-25T00:08:28.838+0000] {logging_mixin.py:150} INFO - [2025-01-25T00:08:28.837+0000] {dag.py:3508} INFO - Setting next_dagrun for example_sensors to None, run_after=None
[2025-01-25T00:08:28.848+0000] {processor.py:179} INFO - Processing /home/airflow/.local/lib/python3.7/site-packages/airflow/example_dags/example_sensors.py took 0.060 seconds
