[2025-01-25T00:07:03.123+0000] {processor.py:157} INFO - Started process (PID=44) to work on /home/airflow/.local/lib/python3.7/site-packages/airflow/example_dags/example_subdag_operator.py
[2025-01-25T00:07:03.124+0000] {processor.py:826} INFO - Processing file /home/airflow/.local/lib/python3.7/site-packages/airflow/example_dags/example_subdag_operator.py for tasks to queue
[2025-01-25T00:07:03.124+0000] {logging_mixin.py:150} INFO - [2025-01-25T00:07:03.124+0000] {dagbag.py:541} INFO - Filling up the DagBag from /home/airflow/.local/lib/python3.7/site-packages/airflow/example_dags/example_subdag_operator.py
[2025-01-25T00:07:03.144+0000] {processor.py:836} INFO - DAG(s) dict_keys(['example_subdag_operator.section-1', 'example_subdag_operator.section-2', 'example_subdag_operator']) retrieved from /home/airflow/.local/lib/python3.7/site-packages/airflow/example_dags/example_subdag_operator.py
[2025-01-25T00:07:03.147+0000] {logging_mixin.py:150} INFO - [2025-01-25T00:07:03.147+0000] {dag.py:2742} INFO - Sync 3 DAGs
[2025-01-25T00:07:03.162+0000] {logging_mixin.py:150} INFO - [2025-01-25T00:07:03.162+0000] {dag.py:3508} INFO - Setting next_dagrun for example_subdag_operator to 2022-01-01T00:00:00+00:00, run_after=2022-01-01T00:00:00+00:00
[2025-01-25T00:07:03.163+0000] {logging_mixin.py:150} INFO - [2025-01-25T00:07:03.163+0000] {dag.py:3508} INFO - Setting next_dagrun for example_subdag_operator.section-1 to None, run_after=None
[2025-01-25T00:07:03.164+0000] {logging_mixin.py:150} INFO - [2025-01-25T00:07:03.164+0000] {dag.py:3508} INFO - Setting next_dagrun for example_subdag_operator.section-2 to None, run_after=None
[2025-01-25T00:07:03.167+0000] {logging_mixin.py:150} INFO - [2025-01-25T00:07:03.167+0000] {dag.py:2742} INFO - Sync 2 DAGs
[2025-01-25T00:07:03.169+0000] {logging_mixin.py:150} INFO - [2025-01-25T00:07:03.169+0000] {dag.py:3508} INFO - Setting next_dagrun for example_subdag_operator.section-1 to None, run_after=None
[2025-01-25T00:07:03.169+0000] {logging_mixin.py:150} INFO - [2025-01-25T00:07:03.169+0000] {dag.py:3508} INFO - Setting next_dagrun for example_subdag_operator.section-2 to None, run_after=None
[2025-01-25T00:07:03.174+0000] {processor.py:179} INFO - Processing /home/airflow/.local/lib/python3.7/site-packages/airflow/example_dags/example_subdag_operator.py took 0.053 seconds
[2025-01-25T00:07:34.189+0000] {processor.py:157} INFO - Started process (PID=111) to work on /home/airflow/.local/lib/python3.7/site-packages/airflow/example_dags/example_subdag_operator.py
[2025-01-25T00:07:34.191+0000] {processor.py:826} INFO - Processing file /home/airflow/.local/lib/python3.7/site-packages/airflow/example_dags/example_subdag_operator.py for tasks to queue
[2025-01-25T00:07:34.191+0000] {logging_mixin.py:150} INFO - [2025-01-25T00:07:34.191+0000] {dagbag.py:541} INFO - Filling up the DagBag from /home/airflow/.local/lib/python3.7/site-packages/airflow/example_dags/example_subdag_operator.py
[2025-01-25T00:07:34.209+0000] {processor.py:836} INFO - DAG(s) dict_keys(['example_subdag_operator.section-1', 'example_subdag_operator.section-2', 'example_subdag_operator']) retrieved from /home/airflow/.local/lib/python3.7/site-packages/airflow/example_dags/example_subdag_operator.py
[2025-01-25T00:07:34.212+0000] {logging_mixin.py:150} INFO - [2025-01-25T00:07:34.212+0000] {dag.py:2742} INFO - Sync 3 DAGs
[2025-01-25T00:07:34.235+0000] {logging_mixin.py:150} INFO - [2025-01-25T00:07:34.235+0000] {dag.py:3508} INFO - Setting next_dagrun for example_subdag_operator to 2022-01-01T00:00:00+00:00, run_after=2022-01-01T00:00:00+00:00
[2025-01-25T00:07:34.238+0000] {logging_mixin.py:150} INFO - [2025-01-25T00:07:34.238+0000] {dag.py:3508} INFO - Setting next_dagrun for example_subdag_operator.section-1 to None, run_after=None
[2025-01-25T00:07:34.239+0000] {logging_mixin.py:150} INFO - [2025-01-25T00:07:34.239+0000] {dag.py:3508} INFO - Setting next_dagrun for example_subdag_operator.section-2 to None, run_after=None
[2025-01-25T00:07:34.243+0000] {logging_mixin.py:150} INFO - [2025-01-25T00:07:34.243+0000] {dag.py:2742} INFO - Sync 2 DAGs
[2025-01-25T00:07:34.246+0000] {logging_mixin.py:150} INFO - [2025-01-25T00:07:34.246+0000] {dag.py:3508} INFO - Setting next_dagrun for example_subdag_operator.section-1 to None, run_after=None
[2025-01-25T00:07:34.247+0000] {logging_mixin.py:150} INFO - [2025-01-25T00:07:34.246+0000] {dag.py:3508} INFO - Setting next_dagrun for example_subdag_operator.section-2 to None, run_after=None
[2025-01-25T00:07:34.251+0000] {processor.py:179} INFO - Processing /home/airflow/.local/lib/python3.7/site-packages/airflow/example_dags/example_subdag_operator.py took 0.065 seconds
[2025-01-25T00:08:29.300+0000] {processor.py:157} INFO - Started process (PID=45) to work on /home/airflow/.local/lib/python3.7/site-packages/airflow/example_dags/example_subdag_operator.py
[2025-01-25T00:08:29.300+0000] {processor.py:826} INFO - Processing file /home/airflow/.local/lib/python3.7/site-packages/airflow/example_dags/example_subdag_operator.py for tasks to queue
[2025-01-25T00:08:29.301+0000] {logging_mixin.py:150} INFO - [2025-01-25T00:08:29.300+0000] {dagbag.py:541} INFO - Filling up the DagBag from /home/airflow/.local/lib/python3.7/site-packages/airflow/example_dags/example_subdag_operator.py
[2025-01-25T00:08:29.311+0000] {processor.py:836} INFO - DAG(s) dict_keys(['example_subdag_operator.section-1', 'example_subdag_operator.section-2', 'example_subdag_operator']) retrieved from /home/airflow/.local/lib/python3.7/site-packages/airflow/example_dags/example_subdag_operator.py
[2025-01-25T00:08:29.313+0000] {logging_mixin.py:150} INFO - [2025-01-25T00:08:29.313+0000] {dag.py:2742} INFO - Sync 3 DAGs
[2025-01-25T00:08:29.324+0000] {logging_mixin.py:150} INFO - [2025-01-25T00:08:29.324+0000] {dag.py:3508} INFO - Setting next_dagrun for example_subdag_operator to 2022-01-01T00:00:00+00:00, run_after=2022-01-01T00:00:00+00:00
[2025-01-25T00:08:29.326+0000] {logging_mixin.py:150} INFO - [2025-01-25T00:08:29.326+0000] {dag.py:3508} INFO - Setting next_dagrun for example_subdag_operator.section-1 to None, run_after=None
[2025-01-25T00:08:29.327+0000] {logging_mixin.py:150} INFO - [2025-01-25T00:08:29.326+0000] {dag.py:3508} INFO - Setting next_dagrun for example_subdag_operator.section-2 to None, run_after=None
[2025-01-25T00:08:29.329+0000] {logging_mixin.py:150} INFO - [2025-01-25T00:08:29.329+0000] {dag.py:2742} INFO - Sync 2 DAGs
[2025-01-25T00:08:29.332+0000] {logging_mixin.py:150} INFO - [2025-01-25T00:08:29.332+0000] {dag.py:3508} INFO - Setting next_dagrun for example_subdag_operator.section-1 to None, run_after=None
[2025-01-25T00:08:29.332+0000] {logging_mixin.py:150} INFO - [2025-01-25T00:08:29.332+0000] {dag.py:3508} INFO - Setting next_dagrun for example_subdag_operator.section-2 to None, run_after=None
[2025-01-25T00:08:29.337+0000] {processor.py:179} INFO - Processing /home/airflow/.local/lib/python3.7/site-packages/airflow/example_dags/example_subdag_operator.py took 0.039 seconds
