[2025-01-25T00:07:03.328+0000] {processor.py:157} INFO - Started process (PID=48) to work on /home/airflow/.local/lib/python3.7/site-packages/airflow/example_dags/example_sensor_decorator.py
[2025-01-25T00:07:03.328+0000] {processor.py:826} INFO - Processing file /home/airflow/.local/lib/python3.7/site-packages/airflow/example_dags/example_sensor_decorator.py for tasks to queue
[2025-01-25T00:07:03.329+0000] {logging_mixin.py:150} INFO - [2025-01-25T00:07:03.329+0000] {dagbag.py:541} INFO - Filling up the DagBag from /home/airflow/.local/lib/python3.7/site-packages/airflow/example_dags/example_sensor_decorator.py
[2025-01-25T00:07:03.333+0000] {processor.py:836} INFO - DAG(s) dict_keys(['example_sensor_decorator']) retrieved from /home/airflow/.local/lib/python3.7/site-packages/airflow/example_dags/example_sensor_decorator.py
[2025-01-25T00:07:03.346+0000] {logging_mixin.py:150} INFO - [2025-01-25T00:07:03.346+0000] {dag.py:2742} INFO - Sync 1 DAGs
[2025-01-25T00:07:03.370+0000] {logging_mixin.py:150} INFO - [2025-01-25T00:07:03.370+0000] {dag.py:3508} INFO - Setting next_dagrun for example_sensor_decorator to None, run_after=None
[2025-01-25T00:07:03.400+0000] {processor.py:179} INFO - Processing /home/airflow/.local/lib/python3.7/site-packages/airflow/example_dags/example_sensor_decorator.py took 0.074 seconds
[2025-01-25T00:07:34.361+0000] {processor.py:157} INFO - Started process (PID=115) to work on /home/airflow/.local/lib/python3.7/site-packages/airflow/example_dags/example_sensor_decorator.py
[2025-01-25T00:07:34.361+0000] {processor.py:826} INFO - Processing file /home/airflow/.local/lib/python3.7/site-packages/airflow/example_dags/example_sensor_decorator.py for tasks to queue
[2025-01-25T00:07:34.362+0000] {logging_mixin.py:150} INFO - [2025-01-25T00:07:34.362+0000] {dagbag.py:541} INFO - Filling up the DagBag from /home/airflow/.local/lib/python3.7/site-packages/airflow/example_dags/example_sensor_decorator.py
[2025-01-25T00:07:34.366+0000] {processor.py:836} INFO - DAG(s) dict_keys(['example_sensor_decorator']) retrieved from /home/airflow/.local/lib/python3.7/site-packages/airflow/example_dags/example_sensor_decorator.py
[2025-01-25T00:07:34.373+0000] {logging_mixin.py:150} INFO - [2025-01-25T00:07:34.373+0000] {dag.py:2742} INFO - Sync 1 DAGs
[2025-01-25T00:07:34.385+0000] {logging_mixin.py:150} INFO - [2025-01-25T00:07:34.385+0000] {dag.py:3508} INFO - Setting next_dagrun for example_sensor_decorator to None, run_after=None
[2025-01-25T00:07:34.391+0000] {processor.py:179} INFO - Processing /home/airflow/.local/lib/python3.7/site-packages/airflow/example_dags/example_sensor_decorator.py took 0.032 seconds
[2025-01-25T00:08:29.470+0000] {processor.py:157} INFO - Started process (PID=49) to work on /home/airflow/.local/lib/python3.7/site-packages/airflow/example_dags/example_sensor_decorator.py
[2025-01-25T00:08:29.471+0000] {processor.py:826} INFO - Processing file /home/airflow/.local/lib/python3.7/site-packages/airflow/example_dags/example_sensor_decorator.py for tasks to queue
[2025-01-25T00:08:29.472+0000] {logging_mixin.py:150} INFO - [2025-01-25T00:08:29.472+0000] {dagbag.py:541} INFO - Filling up the DagBag from /home/airflow/.local/lib/python3.7/site-packages/airflow/example_dags/example_sensor_decorator.py
[2025-01-25T00:08:29.475+0000] {processor.py:836} INFO - DAG(s) dict_keys(['example_sensor_decorator']) retrieved from /home/airflow/.local/lib/python3.7/site-packages/airflow/example_dags/example_sensor_decorator.py
[2025-01-25T00:08:29.482+0000] {logging_mixin.py:150} INFO - [2025-01-25T00:08:29.482+0000] {dag.py:2742} INFO - Sync 1 DAGs
[2025-01-25T00:08:29.498+0000] {logging_mixin.py:150} INFO - [2025-01-25T00:08:29.498+0000] {dag.py:3508} INFO - Setting next_dagrun for example_sensor_decorator to None, run_after=None
[2025-01-25T00:08:29.507+0000] {processor.py:179} INFO - Processing /home/airflow/.local/lib/python3.7/site-packages/airflow/example_dags/example_sensor_decorator.py took 0.038 seconds
