[2025-01-25T00:07:03.456+0000] {processor.py:157} INFO - Started process (PID=57) to work on /home/airflow/.local/lib/python3.7/site-packages/airflow/example_dags/example_dynamic_task_mapping_with_no_taskflow_operators.py
[2025-01-25T00:07:03.459+0000] {processor.py:826} INFO - Processing file /home/airflow/.local/lib/python3.7/site-packages/airflow/example_dags/example_dynamic_task_mapping_with_no_taskflow_operators.py for tasks to queue
[2025-01-25T00:07:03.460+0000] {logging_mixin.py:150} INFO - [2025-01-25T00:07:03.460+0000] {dagbag.py:541} INFO - Filling up the DagBag from /home/airflow/.local/lib/python3.7/site-packages/airflow/example_dags/example_dynamic_task_mapping_with_no_taskflow_operators.py
[2025-01-25T00:07:03.464+0000] {processor.py:836} INFO - DAG(s) dict_keys(['example_dynamic_task_mapping_with_no_taskflow_operators']) retrieved from /home/airflow/.local/lib/python3.7/site-packages/airflow/example_dags/example_dynamic_task_mapping_with_no_taskflow_operators.py
[2025-01-25T00:07:03.473+0000] {logging_mixin.py:150} INFO - [2025-01-25T00:07:03.473+0000] {dag.py:2742} INFO - Sync 1 DAGs
[2025-01-25T00:07:03.489+0000] {logging_mixin.py:150} INFO - [2025-01-25T00:07:03.489+0000] {dag.py:3508} INFO - Setting next_dagrun for example_dynamic_task_mapping_with_no_taskflow_operators to 2025-01-24T00:07:03.489175+00:00, run_after=2025-01-25T00:07:03.489175+00:00
[2025-01-25T00:07:03.504+0000] {processor.py:179} INFO - Processing /home/airflow/.local/lib/python3.7/site-packages/airflow/example_dags/example_dynamic_task_mapping_with_no_taskflow_operators.py took 0.049 seconds
[2025-01-25T00:07:34.443+0000] {processor.py:157} INFO - Started process (PID=118) to work on /home/airflow/.local/lib/python3.7/site-packages/airflow/example_dags/example_dynamic_task_mapping_with_no_taskflow_operators.py
[2025-01-25T00:07:34.444+0000] {processor.py:826} INFO - Processing file /home/airflow/.local/lib/python3.7/site-packages/airflow/example_dags/example_dynamic_task_mapping_with_no_taskflow_operators.py for tasks to queue
[2025-01-25T00:07:34.444+0000] {logging_mixin.py:150} INFO - [2025-01-25T00:07:34.444+0000] {dagbag.py:541} INFO - Filling up the DagBag from /home/airflow/.local/lib/python3.7/site-packages/airflow/example_dags/example_dynamic_task_mapping_with_no_taskflow_operators.py
[2025-01-25T00:07:34.448+0000] {processor.py:836} INFO - DAG(s) dict_keys(['example_dynamic_task_mapping_with_no_taskflow_operators']) retrieved from /home/airflow/.local/lib/python3.7/site-packages/airflow/example_dags/example_dynamic_task_mapping_with_no_taskflow_operators.py
[2025-01-25T00:07:34.457+0000] {logging_mixin.py:150} INFO - [2025-01-25T00:07:34.457+0000] {dag.py:2742} INFO - Sync 1 DAGs
[2025-01-25T00:07:34.488+0000] {logging_mixin.py:150} INFO - [2025-01-25T00:07:34.487+0000] {dag.py:3508} INFO - Setting next_dagrun for example_dynamic_task_mapping_with_no_taskflow_operators to 2025-01-24T00:07:34.487414+00:00, run_after=2025-01-25T00:07:34.487414+00:00
[2025-01-25T00:07:34.547+0000] {processor.py:179} INFO - Processing /home/airflow/.local/lib/python3.7/site-packages/airflow/example_dags/example_dynamic_task_mapping_with_no_taskflow_operators.py took 0.106 seconds
[2025-01-25T00:08:29.545+0000] {processor.py:157} INFO - Started process (PID=52) to work on /home/airflow/.local/lib/python3.7/site-packages/airflow/example_dags/example_dynamic_task_mapping_with_no_taskflow_operators.py
[2025-01-25T00:08:29.546+0000] {processor.py:826} INFO - Processing file /home/airflow/.local/lib/python3.7/site-packages/airflow/example_dags/example_dynamic_task_mapping_with_no_taskflow_operators.py for tasks to queue
[2025-01-25T00:08:29.547+0000] {logging_mixin.py:150} INFO - [2025-01-25T00:08:29.547+0000] {dagbag.py:541} INFO - Filling up the DagBag from /home/airflow/.local/lib/python3.7/site-packages/airflow/example_dags/example_dynamic_task_mapping_with_no_taskflow_operators.py
[2025-01-25T00:08:29.551+0000] {processor.py:836} INFO - DAG(s) dict_keys(['example_dynamic_task_mapping_with_no_taskflow_operators']) retrieved from /home/airflow/.local/lib/python3.7/site-packages/airflow/example_dags/example_dynamic_task_mapping_with_no_taskflow_operators.py
[2025-01-25T00:08:29.557+0000] {logging_mixin.py:150} INFO - [2025-01-25T00:08:29.556+0000] {dag.py:2742} INFO - Sync 1 DAGs
[2025-01-25T00:08:29.571+0000] {logging_mixin.py:150} INFO - [2025-01-25T00:08:29.571+0000] {dag.py:3508} INFO - Setting next_dagrun for example_dynamic_task_mapping_with_no_taskflow_operators to 2025-01-24T00:08:29.571080+00:00, run_after=2025-01-25T00:08:29.571080+00:00
[2025-01-25T00:08:29.578+0000] {processor.py:179} INFO - Processing /home/airflow/.local/lib/python3.7/site-packages/airflow/example_dags/example_dynamic_task_mapping_with_no_taskflow_operators.py took 0.034 seconds
