[2025-01-25T00:07:04.312+0000] {processor.py:157} INFO - Started process (PID=75) to work on /home/airflow/.local/lib/python3.7/site-packages/airflow/example_dags/example_python_operator.py
[2025-01-25T00:07:04.313+0000] {processor.py:826} INFO - Processing file /home/airflow/.local/lib/python3.7/site-packages/airflow/example_dags/example_python_operator.py for tasks to queue
[2025-01-25T00:07:04.313+0000] {logging_mixin.py:150} INFO - [2025-01-25T00:07:04.313+0000] {dagbag.py:541} INFO - Filling up the DagBag from /home/airflow/.local/lib/python3.7/site-packages/airflow/example_dags/example_python_operator.py
[2025-01-25T00:07:04.322+0000] {processor.py:836} INFO - DAG(s) dict_keys(['example_python_operator']) retrieved from /home/airflow/.local/lib/python3.7/site-packages/airflow/example_dags/example_python_operator.py
[2025-01-25T00:07:04.339+0000] {logging_mixin.py:150} INFO - [2025-01-25T00:07:04.339+0000] {dag.py:2742} INFO - Sync 1 DAGs
[2025-01-25T00:07:04.362+0000] {logging_mixin.py:150} INFO - [2025-01-25T00:07:04.362+0000] {dag.py:3508} INFO - Setting next_dagrun for example_python_operator to None, run_after=None
[2025-01-25T00:07:04.378+0000] {processor.py:179} INFO - Processing /home/airflow/.local/lib/python3.7/site-packages/airflow/example_dags/example_python_operator.py took 0.068 seconds
[2025-01-25T00:07:35.108+0000] {processor.py:157} INFO - Started process (PID=136) to work on /home/airflow/.local/lib/python3.7/site-packages/airflow/example_dags/example_python_operator.py
[2025-01-25T00:07:35.108+0000] {processor.py:826} INFO - Processing file /home/airflow/.local/lib/python3.7/site-packages/airflow/example_dags/example_python_operator.py for tasks to queue
[2025-01-25T00:07:35.109+0000] {logging_mixin.py:150} INFO - [2025-01-25T00:07:35.108+0000] {dagbag.py:541} INFO - Filling up the DagBag from /home/airflow/.local/lib/python3.7/site-packages/airflow/example_dags/example_python_operator.py
[2025-01-25T00:07:35.116+0000] {processor.py:836} INFO - DAG(s) dict_keys(['example_python_operator']) retrieved from /home/airflow/.local/lib/python3.7/site-packages/airflow/example_dags/example_python_operator.py
[2025-01-25T00:07:35.124+0000] {logging_mixin.py:150} INFO - [2025-01-25T00:07:35.124+0000] {dag.py:2742} INFO - Sync 1 DAGs
[2025-01-25T00:07:35.139+0000] {logging_mixin.py:150} INFO - [2025-01-25T00:07:35.139+0000] {dag.py:3508} INFO - Setting next_dagrun for example_python_operator to None, run_after=None
[2025-01-25T00:07:35.147+0000] {processor.py:179} INFO - Processing /home/airflow/.local/lib/python3.7/site-packages/airflow/example_dags/example_python_operator.py took 0.042 seconds
[2025-01-25T00:08:30.200+0000] {processor.py:157} INFO - Started process (PID=77) to work on /home/airflow/.local/lib/python3.7/site-packages/airflow/example_dags/example_python_operator.py
[2025-01-25T00:08:30.201+0000] {processor.py:826} INFO - Processing file /home/airflow/.local/lib/python3.7/site-packages/airflow/example_dags/example_python_operator.py for tasks to queue
[2025-01-25T00:08:30.202+0000] {logging_mixin.py:150} INFO - [2025-01-25T00:08:30.202+0000] {dagbag.py:541} INFO - Filling up the DagBag from /home/airflow/.local/lib/python3.7/site-packages/airflow/example_dags/example_python_operator.py
[2025-01-25T00:08:30.211+0000] {processor.py:836} INFO - DAG(s) dict_keys(['example_python_operator']) retrieved from /home/airflow/.local/lib/python3.7/site-packages/airflow/example_dags/example_python_operator.py
[2025-01-25T00:08:30.229+0000] {logging_mixin.py:150} INFO - [2025-01-25T00:08:30.229+0000] {dag.py:2742} INFO - Sync 1 DAGs
[2025-01-25T00:08:30.250+0000] {logging_mixin.py:150} INFO - [2025-01-25T00:08:30.249+0000] {dag.py:3508} INFO - Setting next_dagrun for example_python_operator to None, run_after=None
[2025-01-25T00:08:30.265+0000] {processor.py:179} INFO - Processing /home/airflow/.local/lib/python3.7/site-packages/airflow/example_dags/example_python_operator.py took 0.068 seconds
