[2025-01-25T00:07:03.523+0000] {processor.py:157} INFO - Started process (PID=59) to work on /home/airflow/.local/lib/python3.7/site-packages/airflow/example_dags/example_short_circuit_operator.py
[2025-01-25T00:07:03.525+0000] {processor.py:826} INFO - Processing file /home/airflow/.local/lib/python3.7/site-packages/airflow/example_dags/example_short_circuit_operator.py for tasks to queue
[2025-01-25T00:07:03.527+0000] {logging_mixin.py:150} INFO - [2025-01-25T00:07:03.526+0000] {dagbag.py:541} INFO - Filling up the DagBag from /home/airflow/.local/lib/python3.7/site-packages/airflow/example_dags/example_short_circuit_operator.py
[2025-01-25T00:07:03.533+0000] {processor.py:836} INFO - DAG(s) dict_keys(['example_short_circuit_operator']) retrieved from /home/airflow/.local/lib/python3.7/site-packages/airflow/example_dags/example_short_circuit_operator.py
[2025-01-25T00:07:03.545+0000] {logging_mixin.py:150} INFO - [2025-01-25T00:07:03.545+0000] {dag.py:2742} INFO - Sync 1 DAGs
[2025-01-25T00:07:03.564+0000] {logging_mixin.py:150} INFO - [2025-01-25T00:07:03.564+0000] {dag.py:3508} INFO - Setting next_dagrun for example_short_circuit_operator to 2025-01-24T00:07:03.564644+00:00, run_after=2025-01-25T00:07:03.564644+00:00
[2025-01-25T00:07:03.578+0000] {processor.py:179} INFO - Processing /home/airflow/.local/lib/python3.7/site-packages/airflow/example_dags/example_short_circuit_operator.py took 0.057 seconds
[2025-01-25T00:07:34.580+0000] {processor.py:157} INFO - Started process (PID=120) to work on /home/airflow/.local/lib/python3.7/site-packages/airflow/example_dags/example_short_circuit_operator.py
[2025-01-25T00:07:34.583+0000] {processor.py:826} INFO - Processing file /home/airflow/.local/lib/python3.7/site-packages/airflow/example_dags/example_short_circuit_operator.py for tasks to queue
[2025-01-25T00:07:34.585+0000] {logging_mixin.py:150} INFO - [2025-01-25T00:07:34.585+0000] {dagbag.py:541} INFO - Filling up the DagBag from /home/airflow/.local/lib/python3.7/site-packages/airflow/example_dags/example_short_circuit_operator.py
[2025-01-25T00:07:34.590+0000] {processor.py:836} INFO - DAG(s) dict_keys(['example_short_circuit_operator']) retrieved from /home/airflow/.local/lib/python3.7/site-packages/airflow/example_dags/example_short_circuit_operator.py
[2025-01-25T00:07:34.601+0000] {logging_mixin.py:150} INFO - [2025-01-25T00:07:34.601+0000] {dag.py:2742} INFO - Sync 1 DAGs
[2025-01-25T00:07:34.618+0000] {logging_mixin.py:150} INFO - [2025-01-25T00:07:34.617+0000] {dag.py:3508} INFO - Setting next_dagrun for example_short_circuit_operator to 2025-01-24T00:07:34.617797+00:00, run_after=2025-01-25T00:07:34.617797+00:00
[2025-01-25T00:07:34.629+0000] {processor.py:179} INFO - Processing /home/airflow/.local/lib/python3.7/site-packages/airflow/example_dags/example_short_circuit_operator.py took 0.056 seconds
[2025-01-25T00:08:29.588+0000] {processor.py:157} INFO - Started process (PID=54) to work on /home/airflow/.local/lib/python3.7/site-packages/airflow/example_dags/example_short_circuit_operator.py
[2025-01-25T00:08:29.589+0000] {processor.py:826} INFO - Processing file /home/airflow/.local/lib/python3.7/site-packages/airflow/example_dags/example_short_circuit_operator.py for tasks to queue
[2025-01-25T00:08:29.590+0000] {logging_mixin.py:150} INFO - [2025-01-25T00:08:29.589+0000] {dagbag.py:541} INFO - Filling up the DagBag from /home/airflow/.local/lib/python3.7/site-packages/airflow/example_dags/example_short_circuit_operator.py
[2025-01-25T00:08:29.594+0000] {processor.py:836} INFO - DAG(s) dict_keys(['example_short_circuit_operator']) retrieved from /home/airflow/.local/lib/python3.7/site-packages/airflow/example_dags/example_short_circuit_operator.py
[2025-01-25T00:08:29.600+0000] {logging_mixin.py:150} INFO - [2025-01-25T00:08:29.600+0000] {dag.py:2742} INFO - Sync 1 DAGs
[2025-01-25T00:08:29.618+0000] {logging_mixin.py:150} INFO - [2025-01-25T00:08:29.618+0000] {dag.py:3508} INFO - Setting next_dagrun for example_short_circuit_operator to 2025-01-24T00:08:29.618297+00:00, run_after=2025-01-25T00:08:29.618297+00:00
[2025-01-25T00:08:29.626+0000] {processor.py:179} INFO - Processing /home/airflow/.local/lib/python3.7/site-packages/airflow/example_dags/example_short_circuit_operator.py took 0.039 seconds
