[2025-01-25T00:07:03.578+0000] {processor.py:157} INFO - Started process (PID=60) to work on /home/airflow/.local/lib/python3.7/site-packages/airflow/example_dags/example_latest_only.py
[2025-01-25T00:07:03.580+0000] {processor.py:826} INFO - Processing file /home/airflow/.local/lib/python3.7/site-packages/airflow/example_dags/example_latest_only.py for tasks to queue
[2025-01-25T00:07:03.581+0000] {logging_mixin.py:150} INFO - [2025-01-25T00:07:03.581+0000] {dagbag.py:541} INFO - Filling up the DagBag from /home/airflow/.local/lib/python3.7/site-packages/airflow/example_dags/example_latest_only.py
[2025-01-25T00:07:03.587+0000] {processor.py:836} INFO - DAG(s) dict_keys(['latest_only']) retrieved from /home/airflow/.local/lib/python3.7/site-packages/airflow/example_dags/example_latest_only.py
[2025-01-25T00:07:03.602+0000] {logging_mixin.py:150} INFO - [2025-01-25T00:07:03.601+0000] {dag.py:2742} INFO - Sync 1 DAGs
[2025-01-25T00:07:03.626+0000] {logging_mixin.py:150} INFO - [2025-01-25T00:07:03.626+0000] {dag.py:3508} INFO - Setting next_dagrun for latest_only to 2025-01-24T20:07:03.625829+00:00, run_after=2025-01-25T00:07:03.625829+00:00
[2025-01-25T00:07:03.648+0000] {processor.py:179} INFO - Processing /home/airflow/.local/lib/python3.7/site-packages/airflow/example_dags/example_latest_only.py took 0.072 seconds
[2025-01-25T00:07:34.613+0000] {processor.py:157} INFO - Started process (PID=121) to work on /home/airflow/.local/lib/python3.7/site-packages/airflow/example_dags/example_latest_only.py
[2025-01-25T00:07:34.614+0000] {processor.py:826} INFO - Processing file /home/airflow/.local/lib/python3.7/site-packages/airflow/example_dags/example_latest_only.py for tasks to queue
[2025-01-25T00:07:34.615+0000] {logging_mixin.py:150} INFO - [2025-01-25T00:07:34.615+0000] {dagbag.py:541} INFO - Filling up the DagBag from /home/airflow/.local/lib/python3.7/site-packages/airflow/example_dags/example_latest_only.py
[2025-01-25T00:07:34.620+0000] {processor.py:836} INFO - DAG(s) dict_keys(['latest_only']) retrieved from /home/airflow/.local/lib/python3.7/site-packages/airflow/example_dags/example_latest_only.py
[2025-01-25T00:07:34.632+0000] {logging_mixin.py:150} INFO - [2025-01-25T00:07:34.632+0000] {dag.py:2742} INFO - Sync 1 DAGs
[2025-01-25T00:07:34.649+0000] {logging_mixin.py:150} INFO - [2025-01-25T00:07:34.649+0000] {dag.py:3508} INFO - Setting next_dagrun for latest_only to 2025-01-24T20:07:34.649409+00:00, run_after=2025-01-25T00:07:34.649409+00:00
[2025-01-25T00:07:34.663+0000] {processor.py:179} INFO - Processing /home/airflow/.local/lib/python3.7/site-packages/airflow/example_dags/example_latest_only.py took 0.057 seconds
[2025-01-25T00:08:29.608+0000] {processor.py:157} INFO - Started process (PID=55) to work on /home/airflow/.local/lib/python3.7/site-packages/airflow/example_dags/example_latest_only.py
[2025-01-25T00:08:29.609+0000] {processor.py:826} INFO - Processing file /home/airflow/.local/lib/python3.7/site-packages/airflow/example_dags/example_latest_only.py for tasks to queue
[2025-01-25T00:08:29.610+0000] {logging_mixin.py:150} INFO - [2025-01-25T00:08:29.609+0000] {dagbag.py:541} INFO - Filling up the DagBag from /home/airflow/.local/lib/python3.7/site-packages/airflow/example_dags/example_latest_only.py
[2025-01-25T00:08:29.613+0000] {processor.py:836} INFO - DAG(s) dict_keys(['latest_only']) retrieved from /home/airflow/.local/lib/python3.7/site-packages/airflow/example_dags/example_latest_only.py
[2025-01-25T00:08:29.620+0000] {logging_mixin.py:150} INFO - [2025-01-25T00:08:29.620+0000] {dag.py:2742} INFO - Sync 1 DAGs
[2025-01-25T00:08:29.631+0000] {logging_mixin.py:150} INFO - [2025-01-25T00:08:29.631+0000] {dag.py:3508} INFO - Setting next_dagrun for latest_only to 2025-01-24T20:08:29.631776+00:00, run_after=2025-01-25T00:08:29.631776+00:00
[2025-01-25T00:08:29.644+0000] {processor.py:179} INFO - Processing /home/airflow/.local/lib/python3.7/site-packages/airflow/example_dags/example_latest_only.py took 0.037 seconds
