[2025-01-25T00:07:03.186+0000] {processor.py:157} INFO - Started process (PID=45) to work on /home/airflow/.local/lib/python3.7/site-packages/airflow/example_dags/example_sla_dag.py
[2025-01-25T00:07:03.187+0000] {processor.py:826} INFO - Processing file /home/airflow/.local/lib/python3.7/site-packages/airflow/example_dags/example_sla_dag.py for tasks to queue
[2025-01-25T00:07:03.187+0000] {logging_mixin.py:150} INFO - [2025-01-25T00:07:03.187+0000] {dagbag.py:541} INFO - Filling up the DagBag from /home/airflow/.local/lib/python3.7/site-packages/airflow/example_dags/example_sla_dag.py
[2025-01-25T00:07:03.192+0000] {processor.py:836} INFO - DAG(s) dict_keys(['example_sla_dag']) retrieved from /home/airflow/.local/lib/python3.7/site-packages/airflow/example_dags/example_sla_dag.py
[2025-01-25T00:07:03.198+0000] {logging_mixin.py:150} INFO - [2025-01-25T00:07:03.198+0000] {dag.py:2742} INFO - Sync 1 DAGs
[2025-01-25T00:07:03.214+0000] {logging_mixin.py:150} INFO - [2025-01-25T00:07:03.214+0000] {dag.py:3508} INFO - Setting next_dagrun for example_sla_dag to 2025-01-25T00:04:00+00:00, run_after=2025-01-25T00:06:00+00:00
[2025-01-25T00:07:03.224+0000] {processor.py:179} INFO - Processing /home/airflow/.local/lib/python3.7/site-packages/airflow/example_dags/example_sla_dag.py took 0.040 seconds
[2025-01-25T00:07:34.268+0000] {processor.py:157} INFO - Started process (PID=112) to work on /home/airflow/.local/lib/python3.7/site-packages/airflow/example_dags/example_sla_dag.py
[2025-01-25T00:07:34.269+0000] {processor.py:826} INFO - Processing file /home/airflow/.local/lib/python3.7/site-packages/airflow/example_dags/example_sla_dag.py for tasks to queue
[2025-01-25T00:07:34.269+0000] {logging_mixin.py:150} INFO - [2025-01-25T00:07:34.269+0000] {dagbag.py:541} INFO - Filling up the DagBag from /home/airflow/.local/lib/python3.7/site-packages/airflow/example_dags/example_sla_dag.py
[2025-01-25T00:07:34.274+0000] {processor.py:836} INFO - DAG(s) dict_keys(['example_sla_dag']) retrieved from /home/airflow/.local/lib/python3.7/site-packages/airflow/example_dags/example_sla_dag.py
[2025-01-25T00:07:34.283+0000] {logging_mixin.py:150} INFO - [2025-01-25T00:07:34.283+0000] {dag.py:2742} INFO - Sync 1 DAGs
[2025-01-25T00:07:34.300+0000] {logging_mixin.py:150} INFO - [2025-01-25T00:07:34.300+0000] {dag.py:3508} INFO - Setting next_dagrun for example_sla_dag to 2025-01-25T00:04:00+00:00, run_after=2025-01-25T00:06:00+00:00
[2025-01-25T00:07:34.308+0000] {processor.py:179} INFO - Processing /home/airflow/.local/lib/python3.7/site-packages/airflow/example_dags/example_sla_dag.py took 0.043 seconds
[2025-01-25T00:08:29.345+0000] {processor.py:157} INFO - Started process (PID=46) to work on /home/airflow/.local/lib/python3.7/site-packages/airflow/example_dags/example_sla_dag.py
[2025-01-25T00:08:29.346+0000] {processor.py:826} INFO - Processing file /home/airflow/.local/lib/python3.7/site-packages/airflow/example_dags/example_sla_dag.py for tasks to queue
[2025-01-25T00:08:29.346+0000] {logging_mixin.py:150} INFO - [2025-01-25T00:08:29.346+0000] {dagbag.py:541} INFO - Filling up the DagBag from /home/airflow/.local/lib/python3.7/site-packages/airflow/example_dags/example_sla_dag.py
[2025-01-25T00:08:29.350+0000] {processor.py:836} INFO - DAG(s) dict_keys(['example_sla_dag']) retrieved from /home/airflow/.local/lib/python3.7/site-packages/airflow/example_dags/example_sla_dag.py
[2025-01-25T00:08:29.356+0000] {logging_mixin.py:150} INFO - [2025-01-25T00:08:29.356+0000] {dag.py:2742} INFO - Sync 1 DAGs
[2025-01-25T00:08:29.370+0000] {logging_mixin.py:150} INFO - [2025-01-25T00:08:29.370+0000] {dag.py:3508} INFO - Setting next_dagrun for example_sla_dag to 2025-01-25T00:06:00+00:00, run_after=2025-01-25T00:08:00+00:00
[2025-01-25T00:08:29.379+0000] {processor.py:179} INFO - Processing /home/airflow/.local/lib/python3.7/site-packages/airflow/example_dags/example_sla_dag.py took 0.036 seconds
