[2025-01-25T00:07:02.685+0000] {processor.py:157} INFO - Started process (PID=35) to work on /home/airflow/.local/lib/python3.7/site-packages/airflow/example_dags/example_bash_operator.py
[2025-01-25T00:07:02.688+0000] {processor.py:826} INFO - Processing file /home/airflow/.local/lib/python3.7/site-packages/airflow/example_dags/example_bash_operator.py for tasks to queue
[2025-01-25T00:07:02.688+0000] {logging_mixin.py:150} INFO - [2025-01-25T00:07:02.688+0000] {dagbag.py:541} INFO - Filling up the DagBag from /home/airflow/.local/lib/python3.7/site-packages/airflow/example_dags/example_bash_operator.py
[2025-01-25T00:07:02.695+0000] {processor.py:836} INFO - DAG(s) dict_keys(['example_bash_operator']) retrieved from /home/airflow/.local/lib/python3.7/site-packages/airflow/example_dags/example_bash_operator.py
[2025-01-25T00:07:02.702+0000] {logging_mixin.py:150} INFO - [2025-01-25T00:07:02.701+0000] {dag.py:2742} INFO - Sync 1 DAGs
[2025-01-25T00:07:02.714+0000] {logging_mixin.py:150} INFO - [2025-01-25T00:07:02.714+0000] {dag.py:3508} INFO - Setting next_dagrun for example_bash_operator to 2025-01-24T00:00:00+00:00, run_after=2025-01-25T00:00:00+00:00
[2025-01-25T00:07:02.723+0000] {processor.py:179} INFO - Processing /home/airflow/.local/lib/python3.7/site-packages/airflow/example_dags/example_bash_operator.py took 0.040 seconds
[2025-01-25T00:07:32.841+0000] {processor.py:157} INFO - Started process (PID=95) to work on /home/airflow/.local/lib/python3.7/site-packages/airflow/example_dags/example_bash_operator.py
[2025-01-25T00:07:32.843+0000] {processor.py:826} INFO - Processing file /home/airflow/.local/lib/python3.7/site-packages/airflow/example_dags/example_bash_operator.py for tasks to queue
[2025-01-25T00:07:32.846+0000] {logging_mixin.py:150} INFO - [2025-01-25T00:07:32.845+0000] {dagbag.py:541} INFO - Filling up the DagBag from /home/airflow/.local/lib/python3.7/site-packages/airflow/example_dags/example_bash_operator.py
[2025-01-25T00:07:32.868+0000] {processor.py:836} INFO - DAG(s) dict_keys(['example_bash_operator']) retrieved from /home/airflow/.local/lib/python3.7/site-packages/airflow/example_dags/example_bash_operator.py
[2025-01-25T00:07:32.889+0000] {logging_mixin.py:150} INFO - [2025-01-25T00:07:32.889+0000] {dag.py:2742} INFO - Sync 1 DAGs
[2025-01-25T00:07:32.915+0000] {logging_mixin.py:150} INFO - [2025-01-25T00:07:32.914+0000] {dag.py:3508} INFO - Setting next_dagrun for example_bash_operator to 2025-01-24T00:00:00+00:00, run_after=2025-01-25T00:00:00+00:00
[2025-01-25T00:07:32.942+0000] {processor.py:179} INFO - Processing /home/airflow/.local/lib/python3.7/site-packages/airflow/example_dags/example_bash_operator.py took 0.108 seconds
[2025-01-25T00:08:28.898+0000] {processor.py:157} INFO - Started process (PID=36) to work on /home/airflow/.local/lib/python3.7/site-packages/airflow/example_dags/example_bash_operator.py
[2025-01-25T00:08:28.901+0000] {processor.py:826} INFO - Processing file /home/airflow/.local/lib/python3.7/site-packages/airflow/example_dags/example_bash_operator.py for tasks to queue
[2025-01-25T00:08:28.902+0000] {logging_mixin.py:150} INFO - [2025-01-25T00:08:28.902+0000] {dagbag.py:541} INFO - Filling up the DagBag from /home/airflow/.local/lib/python3.7/site-packages/airflow/example_dags/example_bash_operator.py
[2025-01-25T00:08:28.912+0000] {processor.py:836} INFO - DAG(s) dict_keys(['example_bash_operator']) retrieved from /home/airflow/.local/lib/python3.7/site-packages/airflow/example_dags/example_bash_operator.py
[2025-01-25T00:08:28.919+0000] {logging_mixin.py:150} INFO - [2025-01-25T00:08:28.919+0000] {dag.py:2742} INFO - Sync 1 DAGs
[2025-01-25T00:08:28.932+0000] {logging_mixin.py:150} INFO - [2025-01-25T00:08:28.932+0000] {dag.py:3508} INFO - Setting next_dagrun for example_bash_operator to 2025-01-24T00:00:00+00:00, run_after=2025-01-25T00:00:00+00:00
[2025-01-25T00:08:28.942+0000] {processor.py:179} INFO - Processing /home/airflow/.local/lib/python3.7/site-packages/airflow/example_dags/example_bash_operator.py took 0.046 seconds
