[2025-01-25T00:07:02.873+0000] {processor.py:157} INFO - Started process (PID=39) to work on /home/airflow/.local/lib/python3.7/site-packages/airflow/example_dags/example_task_group.py
[2025-01-25T00:07:02.873+0000] {processor.py:826} INFO - Processing file /home/airflow/.local/lib/python3.7/site-packages/airflow/example_dags/example_task_group.py for tasks to queue
[2025-01-25T00:07:02.874+0000] {logging_mixin.py:150} INFO - [2025-01-25T00:07:02.874+0000] {dagbag.py:541} INFO - Filling up the DagBag from /home/airflow/.local/lib/python3.7/site-packages/airflow/example_dags/example_task_group.py
[2025-01-25T00:07:02.878+0000] {processor.py:836} INFO - DAG(s) dict_keys(['example_task_group']) retrieved from /home/airflow/.local/lib/python3.7/site-packages/airflow/example_dags/example_task_group.py
[2025-01-25T00:07:02.885+0000] {logging_mixin.py:150} INFO - [2025-01-25T00:07:02.885+0000] {dag.py:2742} INFO - Sync 1 DAGs
[2025-01-25T00:07:02.897+0000] {logging_mixin.py:150} INFO - [2025-01-25T00:07:02.897+0000] {dag.py:3508} INFO - Setting next_dagrun for example_task_group to 2025-01-24T00:07:02.896886+00:00, run_after=2025-01-25T00:07:02.896886+00:00
[2025-01-25T00:07:02.904+0000] {processor.py:179} INFO - Processing /home/airflow/.local/lib/python3.7/site-packages/airflow/example_dags/example_task_group.py took 0.033 seconds
[2025-01-25T00:07:33.007+0000] {processor.py:157} INFO - Started process (PID=98) to work on /home/airflow/.local/lib/python3.7/site-packages/airflow/example_dags/example_task_group.py
[2025-01-25T00:07:33.007+0000] {processor.py:826} INFO - Processing file /home/airflow/.local/lib/python3.7/site-packages/airflow/example_dags/example_task_group.py for tasks to queue
[2025-01-25T00:07:33.008+0000] {logging_mixin.py:150} INFO - [2025-01-25T00:07:33.008+0000] {dagbag.py:541} INFO - Filling up the DagBag from /home/airflow/.local/lib/python3.7/site-packages/airflow/example_dags/example_task_group.py
[2025-01-25T00:07:33.012+0000] {processor.py:836} INFO - DAG(s) dict_keys(['example_task_group']) retrieved from /home/airflow/.local/lib/python3.7/site-packages/airflow/example_dags/example_task_group.py
[2025-01-25T00:07:33.023+0000] {logging_mixin.py:150} INFO - [2025-01-25T00:07:33.022+0000] {dag.py:2742} INFO - Sync 1 DAGs
[2025-01-25T00:07:33.034+0000] {logging_mixin.py:150} INFO - [2025-01-25T00:07:33.034+0000] {dag.py:3508} INFO - Setting next_dagrun for example_task_group to 2025-01-24T00:07:33.034632+00:00, run_after=2025-01-25T00:07:33.034632+00:00
[2025-01-25T00:07:33.041+0000] {processor.py:179} INFO - Processing /home/airflow/.local/lib/python3.7/site-packages/airflow/example_dags/example_task_group.py took 0.037 seconds
[2025-01-25T00:08:29.045+0000] {processor.py:157} INFO - Started process (PID=40) to work on /home/airflow/.local/lib/python3.7/site-packages/airflow/example_dags/example_task_group.py
[2025-01-25T00:08:29.046+0000] {processor.py:826} INFO - Processing file /home/airflow/.local/lib/python3.7/site-packages/airflow/example_dags/example_task_group.py for tasks to queue
[2025-01-25T00:08:29.047+0000] {logging_mixin.py:150} INFO - [2025-01-25T00:08:29.047+0000] {dagbag.py:541} INFO - Filling up the DagBag from /home/airflow/.local/lib/python3.7/site-packages/airflow/example_dags/example_task_group.py
[2025-01-25T00:08:29.056+0000] {processor.py:836} INFO - DAG(s) dict_keys(['example_task_group']) retrieved from /home/airflow/.local/lib/python3.7/site-packages/airflow/example_dags/example_task_group.py
[2025-01-25T00:08:29.068+0000] {logging_mixin.py:150} INFO - [2025-01-25T00:08:29.067+0000] {dag.py:2742} INFO - Sync 1 DAGs
[2025-01-25T00:08:29.080+0000] {logging_mixin.py:150} INFO - [2025-01-25T00:08:29.080+0000] {dag.py:3508} INFO - Setting next_dagrun for example_task_group to 2025-01-24T00:08:29.080157+00:00, run_after=2025-01-25T00:08:29.080157+00:00
[2025-01-25T00:08:29.099+0000] {processor.py:179} INFO - Processing /home/airflow/.local/lib/python3.7/site-packages/airflow/example_dags/example_task_group.py took 0.056 seconds
