[2025-01-25T00:07:03.021+0000] {processor.py:157} INFO - Started process (PID=42) to work on /home/airflow/.local/lib/python3.7/site-packages/airflow/example_dags/example_trigger_target_dag.py
[2025-01-25T00:07:03.022+0000] {processor.py:826} INFO - Processing file /home/airflow/.local/lib/python3.7/site-packages/airflow/example_dags/example_trigger_target_dag.py for tasks to queue
[2025-01-25T00:07:03.022+0000] {logging_mixin.py:150} INFO - [2025-01-25T00:07:03.022+0000] {dagbag.py:541} INFO - Filling up the DagBag from /home/airflow/.local/lib/python3.7/site-packages/airflow/example_dags/example_trigger_target_dag.py
[2025-01-25T00:07:03.026+0000] {processor.py:836} INFO - DAG(s) dict_keys(['example_trigger_target_dag']) retrieved from /home/airflow/.local/lib/python3.7/site-packages/airflow/example_dags/example_trigger_target_dag.py
[2025-01-25T00:07:03.032+0000] {logging_mixin.py:150} INFO - [2025-01-25T00:07:03.032+0000] {dag.py:2742} INFO - Sync 1 DAGs
[2025-01-25T00:07:03.044+0000] {logging_mixin.py:150} INFO - [2025-01-25T00:07:03.044+0000] {dag.py:3508} INFO - Setting next_dagrun for example_trigger_target_dag to None, run_after=None
[2025-01-25T00:07:03.053+0000] {processor.py:179} INFO - Processing /home/airflow/.local/lib/python3.7/site-packages/airflow/example_dags/example_trigger_target_dag.py took 0.034 seconds
[2025-01-25T00:07:33.079+0000] {processor.py:157} INFO - Started process (PID=101) to work on /home/airflow/.local/lib/python3.7/site-packages/airflow/example_dags/example_trigger_target_dag.py
[2025-01-25T00:07:33.080+0000] {processor.py:826} INFO - Processing file /home/airflow/.local/lib/python3.7/site-packages/airflow/example_dags/example_trigger_target_dag.py for tasks to queue
[2025-01-25T00:07:33.081+0000] {logging_mixin.py:150} INFO - [2025-01-25T00:07:33.081+0000] {dagbag.py:541} INFO - Filling up the DagBag from /home/airflow/.local/lib/python3.7/site-packages/airflow/example_dags/example_trigger_target_dag.py
[2025-01-25T00:07:33.084+0000] {processor.py:836} INFO - DAG(s) dict_keys(['example_trigger_target_dag']) retrieved from /home/airflow/.local/lib/python3.7/site-packages/airflow/example_dags/example_trigger_target_dag.py
[2025-01-25T00:07:33.091+0000] {logging_mixin.py:150} INFO - [2025-01-25T00:07:33.090+0000] {dag.py:2742} INFO - Sync 1 DAGs
[2025-01-25T00:07:33.101+0000] {logging_mixin.py:150} INFO - [2025-01-25T00:07:33.101+0000] {dag.py:3508} INFO - Setting next_dagrun for example_trigger_target_dag to None, run_after=None
[2025-01-25T00:07:33.107+0000] {processor.py:179} INFO - Processing /home/airflow/.local/lib/python3.7/site-packages/airflow/example_dags/example_trigger_target_dag.py took 0.030 seconds
[2025-01-25T00:08:29.209+0000] {processor.py:157} INFO - Started process (PID=43) to work on /home/airflow/.local/lib/python3.7/site-packages/airflow/example_dags/example_trigger_target_dag.py
[2025-01-25T00:08:29.210+0000] {processor.py:826} INFO - Processing file /home/airflow/.local/lib/python3.7/site-packages/airflow/example_dags/example_trigger_target_dag.py for tasks to queue
[2025-01-25T00:08:29.210+0000] {logging_mixin.py:150} INFO - [2025-01-25T00:08:29.210+0000] {dagbag.py:541} INFO - Filling up the DagBag from /home/airflow/.local/lib/python3.7/site-packages/airflow/example_dags/example_trigger_target_dag.py
[2025-01-25T00:08:29.214+0000] {processor.py:836} INFO - DAG(s) dict_keys(['example_trigger_target_dag']) retrieved from /home/airflow/.local/lib/python3.7/site-packages/airflow/example_dags/example_trigger_target_dag.py
[2025-01-25T00:08:29.219+0000] {logging_mixin.py:150} INFO - [2025-01-25T00:08:29.219+0000] {dag.py:2742} INFO - Sync 1 DAGs
[2025-01-25T00:08:29.232+0000] {logging_mixin.py:150} INFO - [2025-01-25T00:08:29.232+0000] {dag.py:3508} INFO - Setting next_dagrun for example_trigger_target_dag to None, run_after=None
[2025-01-25T00:08:29.240+0000] {processor.py:179} INFO - Processing /home/airflow/.local/lib/python3.7/site-packages/airflow/example_dags/example_trigger_target_dag.py took 0.033 seconds
