[2025-01-25T00:07:03.286+0000] {processor.py:157} INFO - Started process (PID=47) to work on /home/airflow/.local/lib/python3.7/site-packages/airflow/example_dags/example_xcom.py
[2025-01-25T00:07:03.287+0000] {processor.py:826} INFO - Processing file /home/airflow/.local/lib/python3.7/site-packages/airflow/example_dags/example_xcom.py for tasks to queue
[2025-01-25T00:07:03.287+0000] {logging_mixin.py:150} INFO - [2025-01-25T00:07:03.287+0000] {dagbag.py:541} INFO - Filling up the DagBag from /home/airflow/.local/lib/python3.7/site-packages/airflow/example_dags/example_xcom.py
[2025-01-25T00:07:03.292+0000] {processor.py:836} INFO - DAG(s) dict_keys(['example_xcom']) retrieved from /home/airflow/.local/lib/python3.7/site-packages/airflow/example_dags/example_xcom.py
[2025-01-25T00:07:03.302+0000] {logging_mixin.py:150} INFO - [2025-01-25T00:07:03.302+0000] {dag.py:2742} INFO - Sync 1 DAGs
[2025-01-25T00:07:03.330+0000] {logging_mixin.py:150} INFO - [2025-01-25T00:07:03.330+0000] {dag.py:3508} INFO - Setting next_dagrun for example_xcom to 2021-01-01T00:00:00+00:00, run_after=2021-01-01T00:00:00+00:00
[2025-01-25T00:07:03.340+0000] {processor.py:179} INFO - Processing /home/airflow/.local/lib/python3.7/site-packages/airflow/example_dags/example_xcom.py took 0.057 seconds
[2025-01-25T00:07:34.320+0000] {processor.py:157} INFO - Started process (PID=114) to work on /home/airflow/.local/lib/python3.7/site-packages/airflow/example_dags/example_xcom.py
[2025-01-25T00:07:34.321+0000] {processor.py:826} INFO - Processing file /home/airflow/.local/lib/python3.7/site-packages/airflow/example_dags/example_xcom.py for tasks to queue
[2025-01-25T00:07:34.321+0000] {logging_mixin.py:150} INFO - [2025-01-25T00:07:34.321+0000] {dagbag.py:541} INFO - Filling up the DagBag from /home/airflow/.local/lib/python3.7/site-packages/airflow/example_dags/example_xcom.py
[2025-01-25T00:07:34.324+0000] {processor.py:836} INFO - DAG(s) dict_keys(['example_xcom']) retrieved from /home/airflow/.local/lib/python3.7/site-packages/airflow/example_dags/example_xcom.py
[2025-01-25T00:07:34.331+0000] {logging_mixin.py:150} INFO - [2025-01-25T00:07:34.331+0000] {dag.py:2742} INFO - Sync 1 DAGs
[2025-01-25T00:07:34.344+0000] {logging_mixin.py:150} INFO - [2025-01-25T00:07:34.344+0000] {dag.py:3508} INFO - Setting next_dagrun for example_xcom to 2021-01-01T00:00:00+00:00, run_after=2021-01-01T00:00:00+00:00
[2025-01-25T00:07:34.352+0000] {processor.py:179} INFO - Processing /home/airflow/.local/lib/python3.7/site-packages/airflow/example_dags/example_xcom.py took 0.033 seconds
[2025-01-25T00:08:29.431+0000] {processor.py:157} INFO - Started process (PID=48) to work on /home/airflow/.local/lib/python3.7/site-packages/airflow/example_dags/example_xcom.py
[2025-01-25T00:08:29.431+0000] {processor.py:826} INFO - Processing file /home/airflow/.local/lib/python3.7/site-packages/airflow/example_dags/example_xcom.py for tasks to queue
[2025-01-25T00:08:29.432+0000] {logging_mixin.py:150} INFO - [2025-01-25T00:08:29.432+0000] {dagbag.py:541} INFO - Filling up the DagBag from /home/airflow/.local/lib/python3.7/site-packages/airflow/example_dags/example_xcom.py
[2025-01-25T00:08:29.435+0000] {processor.py:836} INFO - DAG(s) dict_keys(['example_xcom']) retrieved from /home/airflow/.local/lib/python3.7/site-packages/airflow/example_dags/example_xcom.py
[2025-01-25T00:08:29.441+0000] {logging_mixin.py:150} INFO - [2025-01-25T00:08:29.441+0000] {dag.py:2742} INFO - Sync 1 DAGs
[2025-01-25T00:08:29.454+0000] {logging_mixin.py:150} INFO - [2025-01-25T00:08:29.454+0000] {dag.py:3508} INFO - Setting next_dagrun for example_xcom to 2021-01-01T00:00:00+00:00, run_after=2021-01-01T00:00:00+00:00
[2025-01-25T00:08:29.461+0000] {processor.py:179} INFO - Processing /home/airflow/.local/lib/python3.7/site-packages/airflow/example_dags/example_xcom.py took 0.032 seconds
