[2025-01-25T00:07:03.363+0000] {processor.py:157} INFO - Started process (PID=55) to work on /home/airflow/.local/lib/python3.7/site-packages/airflow/example_dags/example_nested_branch_dag.py
[2025-01-25T00:07:03.364+0000] {processor.py:826} INFO - Processing file /home/airflow/.local/lib/python3.7/site-packages/airflow/example_dags/example_nested_branch_dag.py for tasks to queue
[2025-01-25T00:07:03.365+0000] {logging_mixin.py:150} INFO - [2025-01-25T00:07:03.365+0000] {dagbag.py:541} INFO - Filling up the DagBag from /home/airflow/.local/lib/python3.7/site-packages/airflow/example_dags/example_nested_branch_dag.py
[2025-01-25T00:07:03.371+0000] {processor.py:836} INFO - DAG(s) dict_keys(['example_nested_branch_dag']) retrieved from /home/airflow/.local/lib/python3.7/site-packages/airflow/example_dags/example_nested_branch_dag.py
[2025-01-25T00:07:03.388+0000] {logging_mixin.py:150} INFO - [2025-01-25T00:07:03.387+0000] {dag.py:2742} INFO - Sync 1 DAGs
[2025-01-25T00:07:03.423+0000] {logging_mixin.py:150} INFO - [2025-01-25T00:07:03.423+0000] {dag.py:3508} INFO - Setting next_dagrun for example_nested_branch_dag to 2025-01-24T00:00:00+00:00, run_after=2025-01-25T00:00:00+00:00
[2025-01-25T00:07:03.438+0000] {processor.py:179} INFO - Processing /home/airflow/.local/lib/python3.7/site-packages/airflow/example_dags/example_nested_branch_dag.py took 0.078 seconds
[2025-01-25T00:07:34.401+0000] {processor.py:157} INFO - Started process (PID=116) to work on /home/airflow/.local/lib/python3.7/site-packages/airflow/example_dags/example_nested_branch_dag.py
[2025-01-25T00:07:34.403+0000] {processor.py:826} INFO - Processing file /home/airflow/.local/lib/python3.7/site-packages/airflow/example_dags/example_nested_branch_dag.py for tasks to queue
[2025-01-25T00:07:34.403+0000] {logging_mixin.py:150} INFO - [2025-01-25T00:07:34.403+0000] {dagbag.py:541} INFO - Filling up the DagBag from /home/airflow/.local/lib/python3.7/site-packages/airflow/example_dags/example_nested_branch_dag.py
[2025-01-25T00:07:34.408+0000] {processor.py:836} INFO - DAG(s) dict_keys(['example_nested_branch_dag']) retrieved from /home/airflow/.local/lib/python3.7/site-packages/airflow/example_dags/example_nested_branch_dag.py
[2025-01-25T00:07:34.414+0000] {logging_mixin.py:150} INFO - [2025-01-25T00:07:34.414+0000] {dag.py:2742} INFO - Sync 1 DAGs
[2025-01-25T00:07:34.426+0000] {logging_mixin.py:150} INFO - [2025-01-25T00:07:34.426+0000] {dag.py:3508} INFO - Setting next_dagrun for example_nested_branch_dag to 2025-01-24T00:00:00+00:00, run_after=2025-01-25T00:00:00+00:00
[2025-01-25T00:07:34.434+0000] {processor.py:179} INFO - Processing /home/airflow/.local/lib/python3.7/site-packages/airflow/example_dags/example_nested_branch_dag.py took 0.036 seconds
[2025-01-25T00:08:29.490+0000] {processor.py:157} INFO - Started process (PID=50) to work on /home/airflow/.local/lib/python3.7/site-packages/airflow/example_dags/example_nested_branch_dag.py
[2025-01-25T00:08:29.491+0000] {processor.py:826} INFO - Processing file /home/airflow/.local/lib/python3.7/site-packages/airflow/example_dags/example_nested_branch_dag.py for tasks to queue
[2025-01-25T00:08:29.491+0000] {logging_mixin.py:150} INFO - [2025-01-25T00:08:29.491+0000] {dagbag.py:541} INFO - Filling up the DagBag from /home/airflow/.local/lib/python3.7/site-packages/airflow/example_dags/example_nested_branch_dag.py
[2025-01-25T00:08:29.496+0000] {processor.py:836} INFO - DAG(s) dict_keys(['example_nested_branch_dag']) retrieved from /home/airflow/.local/lib/python3.7/site-packages/airflow/example_dags/example_nested_branch_dag.py
[2025-01-25T00:08:29.503+0000] {logging_mixin.py:150} INFO - [2025-01-25T00:08:29.503+0000] {dag.py:2742} INFO - Sync 1 DAGs
[2025-01-25T00:08:29.518+0000] {logging_mixin.py:150} INFO - [2025-01-25T00:08:29.517+0000] {dag.py:3508} INFO - Setting next_dagrun for example_nested_branch_dag to 2025-01-24T00:00:00+00:00, run_after=2025-01-25T00:00:00+00:00
[2025-01-25T00:08:29.530+0000] {processor.py:179} INFO - Processing /home/airflow/.local/lib/python3.7/site-packages/airflow/example_dags/example_nested_branch_dag.py took 0.041 seconds
