[2025-01-25T00:07:03.883+0000] {processor.py:157} INFO - Started process (PID=66) to work on /home/airflow/.local/lib/python3.7/site-packages/airflow/example_dags/example_local_kubernetes_executor.py
[2025-01-25T00:07:03.884+0000] {processor.py:826} INFO - Processing file /home/airflow/.local/lib/python3.7/site-packages/airflow/example_dags/example_local_kubernetes_executor.py for tasks to queue
[2025-01-25T00:07:03.885+0000] {logging_mixin.py:150} INFO - [2025-01-25T00:07:03.885+0000] {dagbag.py:541} INFO - Filling up the DagBag from /home/airflow/.local/lib/python3.7/site-packages/airflow/example_dags/example_local_kubernetes_executor.py
[2025-01-25T00:07:04.025+0000] {processor.py:836} INFO - DAG(s) dict_keys(['example_local_kubernetes_executor']) retrieved from /home/airflow/.local/lib/python3.7/site-packages/airflow/example_dags/example_local_kubernetes_executor.py
[2025-01-25T00:07:04.040+0000] {logging_mixin.py:150} INFO - [2025-01-25T00:07:04.040+0000] {dag.py:2742} INFO - Sync 1 DAGs
[2025-01-25T00:07:04.057+0000] {logging_mixin.py:150} INFO - [2025-01-25T00:07:04.056+0000] {dag.py:3508} INFO - Setting next_dagrun for example_local_kubernetes_executor to None, run_after=None
[2025-01-25T00:07:04.073+0000] {processor.py:179} INFO - Processing /home/airflow/.local/lib/python3.7/site-packages/airflow/example_dags/example_local_kubernetes_executor.py took 0.192 seconds
[2025-01-25T00:07:34.764+0000] {processor.py:157} INFO - Started process (PID=127) to work on /home/airflow/.local/lib/python3.7/site-packages/airflow/example_dags/example_local_kubernetes_executor.py
[2025-01-25T00:07:34.765+0000] {processor.py:826} INFO - Processing file /home/airflow/.local/lib/python3.7/site-packages/airflow/example_dags/example_local_kubernetes_executor.py for tasks to queue
[2025-01-25T00:07:34.766+0000] {logging_mixin.py:150} INFO - [2025-01-25T00:07:34.766+0000] {dagbag.py:541} INFO - Filling up the DagBag from /home/airflow/.local/lib/python3.7/site-packages/airflow/example_dags/example_local_kubernetes_executor.py
[2025-01-25T00:07:34.874+0000] {processor.py:836} INFO - DAG(s) dict_keys(['example_local_kubernetes_executor']) retrieved from /home/airflow/.local/lib/python3.7/site-packages/airflow/example_dags/example_local_kubernetes_executor.py
[2025-01-25T00:07:34.884+0000] {logging_mixin.py:150} INFO - [2025-01-25T00:07:34.883+0000] {dag.py:2742} INFO - Sync 1 DAGs
[2025-01-25T00:07:34.902+0000] {logging_mixin.py:150} INFO - [2025-01-25T00:07:34.901+0000] {dag.py:3508} INFO - Setting next_dagrun for example_local_kubernetes_executor to None, run_after=None
[2025-01-25T00:07:34.912+0000] {processor.py:179} INFO - Processing /home/airflow/.local/lib/python3.7/site-packages/airflow/example_dags/example_local_kubernetes_executor.py took 0.150 seconds
[2025-01-25T00:08:29.775+0000] {processor.py:157} INFO - Started process (PID=68) to work on /home/airflow/.local/lib/python3.7/site-packages/airflow/example_dags/example_local_kubernetes_executor.py
[2025-01-25T00:08:29.777+0000] {processor.py:826} INFO - Processing file /home/airflow/.local/lib/python3.7/site-packages/airflow/example_dags/example_local_kubernetes_executor.py for tasks to queue
[2025-01-25T00:08:29.778+0000] {logging_mixin.py:150} INFO - [2025-01-25T00:08:29.778+0000] {dagbag.py:541} INFO - Filling up the DagBag from /home/airflow/.local/lib/python3.7/site-packages/airflow/example_dags/example_local_kubernetes_executor.py
[2025-01-25T00:08:29.903+0000] {processor.py:836} INFO - DAG(s) dict_keys(['example_local_kubernetes_executor']) retrieved from /home/airflow/.local/lib/python3.7/site-packages/airflow/example_dags/example_local_kubernetes_executor.py
[2025-01-25T00:08:29.915+0000] {logging_mixin.py:150} INFO - [2025-01-25T00:08:29.915+0000] {dag.py:2742} INFO - Sync 1 DAGs
[2025-01-25T00:08:29.937+0000] {logging_mixin.py:150} INFO - [2025-01-25T00:08:29.937+0000] {dag.py:3508} INFO - Setting next_dagrun for example_local_kubernetes_executor to None, run_after=None
[2025-01-25T00:08:29.952+0000] {processor.py:179} INFO - Processing /home/airflow/.local/lib/python3.7/site-packages/airflow/example_dags/example_local_kubernetes_executor.py took 0.179 seconds
