[2025-01-25T00:07:02.977+0000] {processor.py:157} INFO - Started process (PID=41) to work on /home/airflow/.local/lib/python3.7/site-packages/airflow/example_dags/example_branch_python_dop_operator_3.py
[2025-01-25T00:07:02.978+0000] {processor.py:826} INFO - Processing file /home/airflow/.local/lib/python3.7/site-packages/airflow/example_dags/example_branch_python_dop_operator_3.py for tasks to queue
[2025-01-25T00:07:02.978+0000] {logging_mixin.py:150} INFO - [2025-01-25T00:07:02.978+0000] {dagbag.py:541} INFO - Filling up the DagBag from /home/airflow/.local/lib/python3.7/site-packages/airflow/example_dags/example_branch_python_dop_operator_3.py
[2025-01-25T00:07:02.983+0000] {processor.py:836} INFO - DAG(s) dict_keys(['example_branch_dop_operator_v3']) retrieved from /home/airflow/.local/lib/python3.7/site-packages/airflow/example_dags/example_branch_python_dop_operator_3.py
[2025-01-25T00:07:02.989+0000] {logging_mixin.py:150} INFO - [2025-01-25T00:07:02.989+0000] {dag.py:2742} INFO - Sync 1 DAGs
[2025-01-25T00:07:03.003+0000] {logging_mixin.py:150} INFO - [2025-01-25T00:07:03.003+0000] {dag.py:3508} INFO - Setting next_dagrun for example_branch_dop_operator_v3 to 2025-01-25T00:06:00+00:00, run_after=2025-01-25T00:07:00+00:00
[2025-01-25T00:07:03.012+0000] {processor.py:179} INFO - Processing /home/airflow/.local/lib/python3.7/site-packages/airflow/example_dags/example_branch_python_dop_operator_3.py took 0.038 seconds
[2025-01-25T00:07:33.051+0000] {processor.py:157} INFO - Started process (PID=100) to work on /home/airflow/.local/lib/python3.7/site-packages/airflow/example_dags/example_branch_python_dop_operator_3.py
[2025-01-25T00:07:33.052+0000] {processor.py:826} INFO - Processing file /home/airflow/.local/lib/python3.7/site-packages/airflow/example_dags/example_branch_python_dop_operator_3.py for tasks to queue
[2025-01-25T00:07:33.052+0000] {logging_mixin.py:150} INFO - [2025-01-25T00:07:33.052+0000] {dagbag.py:541} INFO - Filling up the DagBag from /home/airflow/.local/lib/python3.7/site-packages/airflow/example_dags/example_branch_python_dop_operator_3.py
[2025-01-25T00:07:33.056+0000] {processor.py:836} INFO - DAG(s) dict_keys(['example_branch_dop_operator_v3']) retrieved from /home/airflow/.local/lib/python3.7/site-packages/airflow/example_dags/example_branch_python_dop_operator_3.py
[2025-01-25T00:07:33.063+0000] {logging_mixin.py:150} INFO - [2025-01-25T00:07:33.063+0000] {dag.py:2742} INFO - Sync 1 DAGs
[2025-01-25T00:07:33.078+0000] {logging_mixin.py:150} INFO - [2025-01-25T00:07:33.078+0000] {dag.py:3508} INFO - Setting next_dagrun for example_branch_dop_operator_v3 to 2025-01-25T00:06:00+00:00, run_after=2025-01-25T00:07:00+00:00
[2025-01-25T00:07:33.085+0000] {processor.py:179} INFO - Processing /home/airflow/.local/lib/python3.7/site-packages/airflow/example_dags/example_branch_python_dop_operator_3.py took 0.036 seconds
[2025-01-25T00:08:29.166+0000] {processor.py:157} INFO - Started process (PID=42) to work on /home/airflow/.local/lib/python3.7/site-packages/airflow/example_dags/example_branch_python_dop_operator_3.py
[2025-01-25T00:08:29.167+0000] {processor.py:826} INFO - Processing file /home/airflow/.local/lib/python3.7/site-packages/airflow/example_dags/example_branch_python_dop_operator_3.py for tasks to queue
[2025-01-25T00:08:29.167+0000] {logging_mixin.py:150} INFO - [2025-01-25T00:08:29.167+0000] {dagbag.py:541} INFO - Filling up the DagBag from /home/airflow/.local/lib/python3.7/site-packages/airflow/example_dags/example_branch_python_dop_operator_3.py
[2025-01-25T00:08:29.172+0000] {processor.py:836} INFO - DAG(s) dict_keys(['example_branch_dop_operator_v3']) retrieved from /home/airflow/.local/lib/python3.7/site-packages/airflow/example_dags/example_branch_python_dop_operator_3.py
[2025-01-25T00:08:29.178+0000] {logging_mixin.py:150} INFO - [2025-01-25T00:08:29.178+0000] {dag.py:2742} INFO - Sync 1 DAGs
[2025-01-25T00:08:29.191+0000] {logging_mixin.py:150} INFO - [2025-01-25T00:08:29.191+0000] {dag.py:3508} INFO - Setting next_dagrun for example_branch_dop_operator_v3 to 2025-01-25T00:07:00+00:00, run_after=2025-01-25T00:08:00+00:00
[2025-01-25T00:08:29.200+0000] {processor.py:179} INFO - Processing /home/airflow/.local/lib/python3.7/site-packages/airflow/example_dags/example_branch_python_dop_operator_3.py took 0.036 seconds
