[2025-01-25T00:07:02.731+0000] {processor.py:157} INFO - Started process (PID=36) to work on /home/airflow/.local/lib/python3.7/site-packages/airflow/example_dags/example_dag_decorator.py
[2025-01-25T00:07:02.732+0000] {processor.py:826} INFO - Processing file /home/airflow/.local/lib/python3.7/site-packages/airflow/example_dags/example_dag_decorator.py for tasks to queue
[2025-01-25T00:07:02.732+0000] {logging_mixin.py:150} INFO - [2025-01-25T00:07:02.732+0000] {dagbag.py:541} INFO - Filling up the DagBag from /home/airflow/.local/lib/python3.7/site-packages/airflow/example_dags/example_dag_decorator.py
[2025-01-25T00:07:02.744+0000] {processor.py:836} INFO - DAG(s) dict_keys(['example_dag_decorator']) retrieved from /home/airflow/.local/lib/python3.7/site-packages/airflow/example_dags/example_dag_decorator.py
[2025-01-25T00:07:02.750+0000] {logging_mixin.py:150} INFO - [2025-01-25T00:07:02.750+0000] {dag.py:2742} INFO - Sync 1 DAGs
[2025-01-25T00:07:02.762+0000] {logging_mixin.py:150} INFO - [2025-01-25T00:07:02.762+0000] {dag.py:3508} INFO - Setting next_dagrun for example_dag_decorator to None, run_after=None
[2025-01-25T00:07:02.780+0000] {processor.py:179} INFO - Processing /home/airflow/.local/lib/python3.7/site-packages/airflow/example_dags/example_dag_decorator.py took 0.051 seconds
[2025-01-25T00:07:32.943+0000] {processor.py:157} INFO - Started process (PID=96) to work on /home/airflow/.local/lib/python3.7/site-packages/airflow/example_dags/example_dag_decorator.py
[2025-01-25T00:07:32.948+0000] {processor.py:826} INFO - Processing file /home/airflow/.local/lib/python3.7/site-packages/airflow/example_dags/example_dag_decorator.py for tasks to queue
[2025-01-25T00:07:32.949+0000] {logging_mixin.py:150} INFO - [2025-01-25T00:07:32.949+0000] {dagbag.py:541} INFO - Filling up the DagBag from /home/airflow/.local/lib/python3.7/site-packages/airflow/example_dags/example_dag_decorator.py
[2025-01-25T00:07:32.967+0000] {processor.py:836} INFO - DAG(s) dict_keys(['example_dag_decorator']) retrieved from /home/airflow/.local/lib/python3.7/site-packages/airflow/example_dags/example_dag_decorator.py
[2025-01-25T00:07:32.976+0000] {logging_mixin.py:150} INFO - [2025-01-25T00:07:32.976+0000] {dag.py:2742} INFO - Sync 1 DAGs
[2025-01-25T00:07:32.987+0000] {logging_mixin.py:150} INFO - [2025-01-25T00:07:32.987+0000] {dag.py:3508} INFO - Setting next_dagrun for example_dag_decorator to None, run_after=None
[2025-01-25T00:07:32.995+0000] {processor.py:179} INFO - Processing /home/airflow/.local/lib/python3.7/site-packages/airflow/example_dags/example_dag_decorator.py took 0.070 seconds
[2025-01-25T00:08:28.942+0000] {processor.py:157} INFO - Started process (PID=37) to work on /home/airflow/.local/lib/python3.7/site-packages/airflow/example_dags/example_dag_decorator.py
[2025-01-25T00:08:28.944+0000] {processor.py:826} INFO - Processing file /home/airflow/.local/lib/python3.7/site-packages/airflow/example_dags/example_dag_decorator.py for tasks to queue
[2025-01-25T00:08:28.945+0000] {logging_mixin.py:150} INFO - [2025-01-25T00:08:28.945+0000] {dagbag.py:541} INFO - Filling up the DagBag from /home/airflow/.local/lib/python3.7/site-packages/airflow/example_dags/example_dag_decorator.py
[2025-01-25T00:08:28.960+0000] {processor.py:836} INFO - DAG(s) dict_keys(['example_dag_decorator']) retrieved from /home/airflow/.local/lib/python3.7/site-packages/airflow/example_dags/example_dag_decorator.py
[2025-01-25T00:08:28.965+0000] {logging_mixin.py:150} INFO - [2025-01-25T00:08:28.965+0000] {dag.py:2742} INFO - Sync 1 DAGs
[2025-01-25T00:08:28.976+0000] {logging_mixin.py:150} INFO - [2025-01-25T00:08:28.976+0000] {dag.py:3508} INFO - Setting next_dagrun for example_dag_decorator to None, run_after=None
[2025-01-25T00:08:28.984+0000] {processor.py:179} INFO - Processing /home/airflow/.local/lib/python3.7/site-packages/airflow/example_dags/example_dag_decorator.py took 0.045 seconds
