[2025-01-25T00:07:02.736+0000] {processor.py:157} INFO - Started process (PID=37) to work on /home/airflow/.local/lib/python3.7/site-packages/airflow/example_dags/example_kubernetes_executor.py
[2025-01-25T00:07:02.737+0000] {processor.py:826} INFO - Processing file /home/airflow/.local/lib/python3.7/site-packages/airflow/example_dags/example_kubernetes_executor.py for tasks to queue
[2025-01-25T00:07:02.738+0000] {logging_mixin.py:150} INFO - [2025-01-25T00:07:02.737+0000] {dagbag.py:541} INFO - Filling up the DagBag from /home/airflow/.local/lib/python3.7/site-packages/airflow/example_dags/example_kubernetes_executor.py
[2025-01-25T00:07:03.265+0000] {processor.py:836} INFO - DAG(s) dict_keys(['example_kubernetes_executor']) retrieved from /home/airflow/.local/lib/python3.7/site-packages/airflow/example_dags/example_kubernetes_executor.py
[2025-01-25T00:07:03.272+0000] {logging_mixin.py:150} INFO - [2025-01-25T00:07:03.272+0000] {dag.py:2742} INFO - Sync 1 DAGs
[2025-01-25T00:07:03.291+0000] {logging_mixin.py:150} INFO - [2025-01-25T00:07:03.291+0000] {dag.py:3508} INFO - Setting next_dagrun for example_kubernetes_executor to None, run_after=None
[2025-01-25T00:07:03.308+0000] {processor.py:179} INFO - Processing /home/airflow/.local/lib/python3.7/site-packages/airflow/example_dags/example_kubernetes_executor.py took 0.574 seconds
[2025-01-25T00:07:34.125+0000] {processor.py:157} INFO - Started process (PID=109) to work on /home/airflow/.local/lib/python3.7/site-packages/airflow/example_dags/example_kubernetes_executor.py
[2025-01-25T00:07:34.128+0000] {processor.py:826} INFO - Processing file /home/airflow/.local/lib/python3.7/site-packages/airflow/example_dags/example_kubernetes_executor.py for tasks to queue
[2025-01-25T00:07:34.129+0000] {logging_mixin.py:150} INFO - [2025-01-25T00:07:34.129+0000] {dagbag.py:541} INFO - Filling up the DagBag from /home/airflow/.local/lib/python3.7/site-packages/airflow/example_dags/example_kubernetes_executor.py
[2025-01-25T00:07:34.270+0000] {processor.py:836} INFO - DAG(s) dict_keys(['example_kubernetes_executor']) retrieved from /home/airflow/.local/lib/python3.7/site-packages/airflow/example_dags/example_kubernetes_executor.py
[2025-01-25T00:07:34.278+0000] {logging_mixin.py:150} INFO - [2025-01-25T00:07:34.277+0000] {dag.py:2742} INFO - Sync 1 DAGs
[2025-01-25T00:07:34.293+0000] {logging_mixin.py:150} INFO - [2025-01-25T00:07:34.292+0000] {dag.py:3508} INFO - Setting next_dagrun for example_kubernetes_executor to None, run_after=None
[2025-01-25T00:07:34.302+0000] {processor.py:179} INFO - Processing /home/airflow/.local/lib/python3.7/site-packages/airflow/example_dags/example_kubernetes_executor.py took 0.181 seconds
[2025-01-25T00:08:28.955+0000] {processor.py:157} INFO - Started process (PID=38) to work on /home/airflow/.local/lib/python3.7/site-packages/airflow/example_dags/example_kubernetes_executor.py
[2025-01-25T00:08:28.956+0000] {processor.py:826} INFO - Processing file /home/airflow/.local/lib/python3.7/site-packages/airflow/example_dags/example_kubernetes_executor.py for tasks to queue
[2025-01-25T00:08:28.956+0000] {logging_mixin.py:150} INFO - [2025-01-25T00:08:28.956+0000] {dagbag.py:541} INFO - Filling up the DagBag from /home/airflow/.local/lib/python3.7/site-packages/airflow/example_dags/example_kubernetes_executor.py
[2025-01-25T00:08:29.448+0000] {processor.py:836} INFO - DAG(s) dict_keys(['example_kubernetes_executor']) retrieved from /home/airflow/.local/lib/python3.7/site-packages/airflow/example_dags/example_kubernetes_executor.py
[2025-01-25T00:08:29.456+0000] {logging_mixin.py:150} INFO - [2025-01-25T00:08:29.456+0000] {dag.py:2742} INFO - Sync 1 DAGs
[2025-01-25T00:08:29.470+0000] {logging_mixin.py:150} INFO - [2025-01-25T00:08:29.470+0000] {dag.py:3508} INFO - Setting next_dagrun for example_kubernetes_executor to None, run_after=None
[2025-01-25T00:08:29.478+0000] {processor.py:179} INFO - Processing /home/airflow/.local/lib/python3.7/site-packages/airflow/example_dags/example_kubernetes_executor.py took 0.525 seconds
