[2025-01-25T00:07:02.914+0000] {processor.py:157} INFO - Started process (PID=40) to work on /home/airflow/.local/lib/python3.7/site-packages/airflow/example_dags/example_params_ui_tutorial.py
[2025-01-25T00:07:02.915+0000] {processor.py:826} INFO - Processing file /home/airflow/.local/lib/python3.7/site-packages/airflow/example_dags/example_params_ui_tutorial.py for tasks to queue
[2025-01-25T00:07:02.915+0000] {logging_mixin.py:150} INFO - [2025-01-25T00:07:02.915+0000] {dagbag.py:541} INFO - Filling up the DagBag from /home/airflow/.local/lib/python3.7/site-packages/airflow/example_dags/example_params_ui_tutorial.py
[2025-01-25T00:07:02.935+0000] {processor.py:836} INFO - DAG(s) dict_keys(['example_params_ui_tutorial']) retrieved from /home/airflow/.local/lib/python3.7/site-packages/airflow/example_dags/example_params_ui_tutorial.py
[2025-01-25T00:07:02.941+0000] {logging_mixin.py:150} INFO - [2025-01-25T00:07:02.941+0000] {dag.py:2742} INFO - Sync 1 DAGs
[2025-01-25T00:07:02.953+0000] {logging_mixin.py:150} INFO - [2025-01-25T00:07:02.953+0000] {dag.py:3508} INFO - Setting next_dagrun for example_params_ui_tutorial to None, run_after=None
[2025-01-25T00:07:02.963+0000] {processor.py:179} INFO - Processing /home/airflow/.local/lib/python3.7/site-packages/airflow/example_dags/example_params_ui_tutorial.py took 0.051 seconds
[2025-01-25T00:07:33.023+0000] {processor.py:157} INFO - Started process (PID=99) to work on /home/airflow/.local/lib/python3.7/site-packages/airflow/example_dags/example_params_ui_tutorial.py
[2025-01-25T00:07:33.026+0000] {processor.py:826} INFO - Processing file /home/airflow/.local/lib/python3.7/site-packages/airflow/example_dags/example_params_ui_tutorial.py for tasks to queue
[2025-01-25T00:07:33.026+0000] {logging_mixin.py:150} INFO - [2025-01-25T00:07:33.026+0000] {dagbag.py:541} INFO - Filling up the DagBag from /home/airflow/.local/lib/python3.7/site-packages/airflow/example_dags/example_params_ui_tutorial.py
[2025-01-25T00:07:33.044+0000] {processor.py:836} INFO - DAG(s) dict_keys(['example_params_ui_tutorial']) retrieved from /home/airflow/.local/lib/python3.7/site-packages/airflow/example_dags/example_params_ui_tutorial.py
[2025-01-25T00:07:33.051+0000] {logging_mixin.py:150} INFO - [2025-01-25T00:07:33.051+0000] {dag.py:2742} INFO - Sync 1 DAGs
[2025-01-25T00:07:33.063+0000] {logging_mixin.py:150} INFO - [2025-01-25T00:07:33.063+0000] {dag.py:3508} INFO - Setting next_dagrun for example_params_ui_tutorial to None, run_after=None
[2025-01-25T00:07:33.071+0000] {processor.py:179} INFO - Processing /home/airflow/.local/lib/python3.7/site-packages/airflow/example_dags/example_params_ui_tutorial.py took 0.049 seconds
[2025-01-25T00:08:29.114+0000] {processor.py:157} INFO - Started process (PID=41) to work on /home/airflow/.local/lib/python3.7/site-packages/airflow/example_dags/example_params_ui_tutorial.py
[2025-01-25T00:08:29.115+0000] {processor.py:826} INFO - Processing file /home/airflow/.local/lib/python3.7/site-packages/airflow/example_dags/example_params_ui_tutorial.py for tasks to queue
[2025-01-25T00:08:29.115+0000] {logging_mixin.py:150} INFO - [2025-01-25T00:08:29.115+0000] {dagbag.py:541} INFO - Filling up the DagBag from /home/airflow/.local/lib/python3.7/site-packages/airflow/example_dags/example_params_ui_tutorial.py
[2025-01-25T00:08:29.133+0000] {processor.py:836} INFO - DAG(s) dict_keys(['example_params_ui_tutorial']) retrieved from /home/airflow/.local/lib/python3.7/site-packages/airflow/example_dags/example_params_ui_tutorial.py
[2025-01-25T00:08:29.139+0000] {logging_mixin.py:150} INFO - [2025-01-25T00:08:29.139+0000] {dag.py:2742} INFO - Sync 1 DAGs
[2025-01-25T00:08:29.150+0000] {logging_mixin.py:150} INFO - [2025-01-25T00:08:29.150+0000] {dag.py:3508} INFO - Setting next_dagrun for example_params_ui_tutorial to None, run_after=None
[2025-01-25T00:08:29.157+0000] {processor.py:179} INFO - Processing /home/airflow/.local/lib/python3.7/site-packages/airflow/example_dags/example_params_ui_tutorial.py took 0.044 seconds
