[2025-01-25T00:07:04.399+0000] {processor.py:157} INFO - Started process (PID=77) to work on /home/airflow/.local/lib/python3.7/site-packages/airflow/example_dags/example_external_task_marker_dag.py
[2025-01-25T00:07:04.399+0000] {processor.py:826} INFO - Processing file /home/airflow/.local/lib/python3.7/site-packages/airflow/example_dags/example_external_task_marker_dag.py for tasks to queue
[2025-01-25T00:07:04.400+0000] {logging_mixin.py:150} INFO - [2025-01-25T00:07:04.400+0000] {dagbag.py:541} INFO - Filling up the DagBag from /home/airflow/.local/lib/python3.7/site-packages/airflow/example_dags/example_external_task_marker_dag.py
[2025-01-25T00:07:04.405+0000] {processor.py:836} INFO - DAG(s) dict_keys(['example_external_task_marker_parent', 'example_external_task_marker_child']) retrieved from /home/airflow/.local/lib/python3.7/site-packages/airflow/example_dags/example_external_task_marker_dag.py
[2025-01-25T00:07:04.413+0000] {logging_mixin.py:150} INFO - [2025-01-25T00:07:04.413+0000] {dag.py:2742} INFO - Sync 2 DAGs
[2025-01-25T00:07:04.426+0000] {logging_mixin.py:150} INFO - [2025-01-25T00:07:04.426+0000] {dag.py:3508} INFO - Setting next_dagrun for example_external_task_marker_child to None, run_after=None
[2025-01-25T00:07:04.428+0000] {logging_mixin.py:150} INFO - [2025-01-25T00:07:04.428+0000] {dag.py:3508} INFO - Setting next_dagrun for example_external_task_marker_parent to None, run_after=None
[2025-01-25T00:07:04.435+0000] {processor.py:179} INFO - Processing /home/airflow/.local/lib/python3.7/site-packages/airflow/example_dags/example_external_task_marker_dag.py took 0.038 seconds
[2025-01-25T00:07:35.158+0000] {processor.py:157} INFO - Started process (PID=138) to work on /home/airflow/.local/lib/python3.7/site-packages/airflow/example_dags/example_external_task_marker_dag.py
[2025-01-25T00:07:35.162+0000] {processor.py:826} INFO - Processing file /home/airflow/.local/lib/python3.7/site-packages/airflow/example_dags/example_external_task_marker_dag.py for tasks to queue
[2025-01-25T00:07:35.162+0000] {logging_mixin.py:150} INFO - [2025-01-25T00:07:35.162+0000] {dagbag.py:541} INFO - Filling up the DagBag from /home/airflow/.local/lib/python3.7/site-packages/airflow/example_dags/example_external_task_marker_dag.py
[2025-01-25T00:07:35.166+0000] {processor.py:836} INFO - DAG(s) dict_keys(['example_external_task_marker_child', 'example_external_task_marker_parent']) retrieved from /home/airflow/.local/lib/python3.7/site-packages/airflow/example_dags/example_external_task_marker_dag.py
[2025-01-25T00:07:35.174+0000] {logging_mixin.py:150} INFO - [2025-01-25T00:07:35.174+0000] {dag.py:2742} INFO - Sync 2 DAGs
[2025-01-25T00:07:35.186+0000] {logging_mixin.py:150} INFO - [2025-01-25T00:07:35.186+0000] {dag.py:3508} INFO - Setting next_dagrun for example_external_task_marker_child to None, run_after=None
[2025-01-25T00:07:35.189+0000] {logging_mixin.py:150} INFO - [2025-01-25T00:07:35.189+0000] {dag.py:3508} INFO - Setting next_dagrun for example_external_task_marker_parent to None, run_after=None
[2025-01-25T00:07:35.196+0000] {processor.py:179} INFO - Processing /home/airflow/.local/lib/python3.7/site-packages/airflow/example_dags/example_external_task_marker_dag.py took 0.040 seconds
[2025-01-25T00:08:30.291+0000] {processor.py:157} INFO - Started process (PID=79) to work on /home/airflow/.local/lib/python3.7/site-packages/airflow/example_dags/example_external_task_marker_dag.py
[2025-01-25T00:08:30.292+0000] {processor.py:826} INFO - Processing file /home/airflow/.local/lib/python3.7/site-packages/airflow/example_dags/example_external_task_marker_dag.py for tasks to queue
[2025-01-25T00:08:30.293+0000] {logging_mixin.py:150} INFO - [2025-01-25T00:08:30.293+0000] {dagbag.py:541} INFO - Filling up the DagBag from /home/airflow/.local/lib/python3.7/site-packages/airflow/example_dags/example_external_task_marker_dag.py
[2025-01-25T00:08:30.298+0000] {processor.py:836} INFO - DAG(s) dict_keys(['example_external_task_marker_parent', 'example_external_task_marker_child']) retrieved from /home/airflow/.local/lib/python3.7/site-packages/airflow/example_dags/example_external_task_marker_dag.py
[2025-01-25T00:08:30.310+0000] {logging_mixin.py:150} INFO - [2025-01-25T00:08:30.310+0000] {dag.py:2742} INFO - Sync 2 DAGs
[2025-01-25T00:08:30.328+0000] {logging_mixin.py:150} INFO - [2025-01-25T00:08:30.328+0000] {dag.py:3508} INFO - Setting next_dagrun for example_external_task_marker_child to None, run_after=None
[2025-01-25T00:08:30.333+0000] {logging_mixin.py:150} INFO - [2025-01-25T00:08:30.332+0000] {dag.py:3508} INFO - Setting next_dagrun for example_external_task_marker_parent to None, run_after=None
[2025-01-25T00:08:30.353+0000] {processor.py:179} INFO - Processing /home/airflow/.local/lib/python3.7/site-packages/airflow/example_dags/example_external_task_marker_dag.py took 0.063 seconds
