[2025-01-25T00:07:03.427+0000] {processor.py:157} INFO - Started process (PID=56) to work on /home/airflow/.local/lib/python3.7/site-packages/airflow/example_dags/example_complex.py
[2025-01-25T00:07:03.427+0000] {processor.py:826} INFO - Processing file /home/airflow/.local/lib/python3.7/site-packages/airflow/example_dags/example_complex.py for tasks to queue
[2025-01-25T00:07:03.428+0000] {logging_mixin.py:150} INFO - [2025-01-25T00:07:03.428+0000] {dagbag.py:541} INFO - Filling up the DagBag from /home/airflow/.local/lib/python3.7/site-packages/airflow/example_dags/example_complex.py
[2025-01-25T00:07:03.435+0000] {processor.py:836} INFO - DAG(s) dict_keys(['example_complex']) retrieved from /home/airflow/.local/lib/python3.7/site-packages/airflow/example_dags/example_complex.py
[2025-01-25T00:07:03.445+0000] {logging_mixin.py:150} INFO - [2025-01-25T00:07:03.444+0000] {dag.py:2742} INFO - Sync 1 DAGs
[2025-01-25T00:07:03.462+0000] {logging_mixin.py:150} INFO - [2025-01-25T00:07:03.462+0000] {dag.py:3508} INFO - Setting next_dagrun for example_complex to None, run_after=None
[2025-01-25T00:07:03.474+0000] {processor.py:179} INFO - Processing /home/airflow/.local/lib/python3.7/site-packages/airflow/example_dags/example_complex.py took 0.050 seconds
[2025-01-25T00:07:34.410+0000] {processor.py:157} INFO - Started process (PID=117) to work on /home/airflow/.local/lib/python3.7/site-packages/airflow/example_dags/example_complex.py
[2025-01-25T00:07:34.410+0000] {processor.py:826} INFO - Processing file /home/airflow/.local/lib/python3.7/site-packages/airflow/example_dags/example_complex.py for tasks to queue
[2025-01-25T00:07:34.411+0000] {logging_mixin.py:150} INFO - [2025-01-25T00:07:34.411+0000] {dagbag.py:541} INFO - Filling up the DagBag from /home/airflow/.local/lib/python3.7/site-packages/airflow/example_dags/example_complex.py
[2025-01-25T00:07:34.416+0000] {processor.py:836} INFO - DAG(s) dict_keys(['example_complex']) retrieved from /home/airflow/.local/lib/python3.7/site-packages/airflow/example_dags/example_complex.py
[2025-01-25T00:07:34.424+0000] {logging_mixin.py:150} INFO - [2025-01-25T00:07:34.424+0000] {dag.py:2742} INFO - Sync 1 DAGs
[2025-01-25T00:07:34.436+0000] {logging_mixin.py:150} INFO - [2025-01-25T00:07:34.436+0000] {dag.py:3508} INFO - Setting next_dagrun for example_complex to None, run_after=None
[2025-01-25T00:07:34.445+0000] {processor.py:179} INFO - Processing /home/airflow/.local/lib/python3.7/site-packages/airflow/example_dags/example_complex.py took 0.037 seconds
[2025-01-25T00:08:29.516+0000] {processor.py:157} INFO - Started process (PID=51) to work on /home/airflow/.local/lib/python3.7/site-packages/airflow/example_dags/example_complex.py
[2025-01-25T00:08:29.517+0000] {processor.py:826} INFO - Processing file /home/airflow/.local/lib/python3.7/site-packages/airflow/example_dags/example_complex.py for tasks to queue
[2025-01-25T00:08:29.517+0000] {logging_mixin.py:150} INFO - [2025-01-25T00:08:29.517+0000] {dagbag.py:541} INFO - Filling up the DagBag from /home/airflow/.local/lib/python3.7/site-packages/airflow/example_dags/example_complex.py
[2025-01-25T00:08:29.523+0000] {processor.py:836} INFO - DAG(s) dict_keys(['example_complex']) retrieved from /home/airflow/.local/lib/python3.7/site-packages/airflow/example_dags/example_complex.py
[2025-01-25T00:08:29.529+0000] {logging_mixin.py:150} INFO - [2025-01-25T00:08:29.529+0000] {dag.py:2742} INFO - Sync 1 DAGs
[2025-01-25T00:08:29.545+0000] {logging_mixin.py:150} INFO - [2025-01-25T00:08:29.544+0000] {dag.py:3508} INFO - Setting next_dagrun for example_complex to None, run_after=None
[2025-01-25T00:08:29.552+0000] {processor.py:179} INFO - Processing /home/airflow/.local/lib/python3.7/site-packages/airflow/example_dags/example_complex.py took 0.037 seconds
