[2025-01-25T00:07:04.109+0000] {processor.py:157} INFO - Started process (PID=71) to work on /home/airflow/.local/lib/python3.7/site-packages/airflow/example_dags/example_branch_day_of_week_operator.py
[2025-01-25T00:07:04.110+0000] {processor.py:826} INFO - Processing file /home/airflow/.local/lib/python3.7/site-packages/airflow/example_dags/example_branch_day_of_week_operator.py for tasks to queue
[2025-01-25T00:07:04.115+0000] {logging_mixin.py:150} INFO - [2025-01-25T00:07:04.114+0000] {dagbag.py:541} INFO - Filling up the DagBag from /home/airflow/.local/lib/python3.7/site-packages/airflow/example_dags/example_branch_day_of_week_operator.py
[2025-01-25T00:07:04.123+0000] {processor.py:836} INFO - DAG(s) dict_keys(['example_weekday_branch_operator']) retrieved from /home/airflow/.local/lib/python3.7/site-packages/airflow/example_dags/example_branch_day_of_week_operator.py
[2025-01-25T00:07:04.136+0000] {logging_mixin.py:150} INFO - [2025-01-25T00:07:04.136+0000] {dag.py:2742} INFO - Sync 1 DAGs
[2025-01-25T00:07:04.154+0000] {logging_mixin.py:150} INFO - [2025-01-25T00:07:04.154+0000] {dag.py:3508} INFO - Setting next_dagrun for example_weekday_branch_operator to 2025-01-24T00:00:00+00:00, run_after=2025-01-25T00:00:00+00:00
[2025-01-25T00:07:04.167+0000] {processor.py:179} INFO - Processing /home/airflow/.local/lib/python3.7/site-packages/airflow/example_dags/example_branch_day_of_week_operator.py took 0.061 seconds
[2025-01-25T00:07:34.943+0000] {processor.py:157} INFO - Started process (PID=132) to work on /home/airflow/.local/lib/python3.7/site-packages/airflow/example_dags/example_branch_day_of_week_operator.py
[2025-01-25T00:07:34.944+0000] {processor.py:826} INFO - Processing file /home/airflow/.local/lib/python3.7/site-packages/airflow/example_dags/example_branch_day_of_week_operator.py for tasks to queue
[2025-01-25T00:07:34.944+0000] {logging_mixin.py:150} INFO - [2025-01-25T00:07:34.944+0000] {dagbag.py:541} INFO - Filling up the DagBag from /home/airflow/.local/lib/python3.7/site-packages/airflow/example_dags/example_branch_day_of_week_operator.py
[2025-01-25T00:07:34.949+0000] {processor.py:836} INFO - DAG(s) dict_keys(['example_weekday_branch_operator']) retrieved from /home/airflow/.local/lib/python3.7/site-packages/airflow/example_dags/example_branch_day_of_week_operator.py
[2025-01-25T00:07:34.958+0000] {logging_mixin.py:150} INFO - [2025-01-25T00:07:34.958+0000] {dag.py:2742} INFO - Sync 1 DAGs
[2025-01-25T00:07:34.994+0000] {logging_mixin.py:150} INFO - [2025-01-25T00:07:34.994+0000] {dag.py:3508} INFO - Setting next_dagrun for example_weekday_branch_operator to 2025-01-24T00:00:00+00:00, run_after=2025-01-25T00:00:00+00:00
[2025-01-25T00:07:35.008+0000] {processor.py:179} INFO - Processing /home/airflow/.local/lib/python3.7/site-packages/airflow/example_dags/example_branch_day_of_week_operator.py took 0.067 seconds
[2025-01-25T00:08:30.025+0000] {processor.py:157} INFO - Started process (PID=73) to work on /home/airflow/.local/lib/python3.7/site-packages/airflow/example_dags/example_branch_day_of_week_operator.py
[2025-01-25T00:08:30.028+0000] {processor.py:826} INFO - Processing file /home/airflow/.local/lib/python3.7/site-packages/airflow/example_dags/example_branch_day_of_week_operator.py for tasks to queue
[2025-01-25T00:08:30.032+0000] {logging_mixin.py:150} INFO - [2025-01-25T00:08:30.031+0000] {dagbag.py:541} INFO - Filling up the DagBag from /home/airflow/.local/lib/python3.7/site-packages/airflow/example_dags/example_branch_day_of_week_operator.py
[2025-01-25T00:08:30.037+0000] {processor.py:836} INFO - DAG(s) dict_keys(['example_weekday_branch_operator']) retrieved from /home/airflow/.local/lib/python3.7/site-packages/airflow/example_dags/example_branch_day_of_week_operator.py
[2025-01-25T00:08:30.050+0000] {logging_mixin.py:150} INFO - [2025-01-25T00:08:30.050+0000] {dag.py:2742} INFO - Sync 1 DAGs
[2025-01-25T00:08:30.073+0000] {logging_mixin.py:150} INFO - [2025-01-25T00:08:30.073+0000] {dag.py:3508} INFO - Setting next_dagrun for example_weekday_branch_operator to 2025-01-24T00:00:00+00:00, run_after=2025-01-25T00:00:00+00:00
[2025-01-25T00:08:30.089+0000] {processor.py:179} INFO - Processing /home/airflow/.local/lib/python3.7/site-packages/airflow/example_dags/example_branch_day_of_week_operator.py took 0.067 seconds
