[2025-01-25T00:07:04.088+0000] {processor.py:157} INFO - Started process (PID=70) to work on /home/airflow/.local/lib/python3.7/site-packages/airflow/example_dags/example_datasets.py
[2025-01-25T00:07:04.089+0000] {processor.py:826} INFO - Processing file /home/airflow/.local/lib/python3.7/site-packages/airflow/example_dags/example_datasets.py for tasks to queue
[2025-01-25T00:07:04.089+0000] {logging_mixin.py:150} INFO - [2025-01-25T00:07:04.089+0000] {dagbag.py:541} INFO - Filling up the DagBag from /home/airflow/.local/lib/python3.7/site-packages/airflow/example_dags/example_datasets.py
[2025-01-25T00:07:04.095+0000] {processor.py:836} INFO - DAG(s) dict_keys(['dataset_consumes_1_never_scheduled', 'dataset_consumes_1', 'dataset_consumes_1_and_2', 'dataset_produces_1', 'dataset_consumes_unknown_never_scheduled', 'dataset_produces_2']) retrieved from /home/airflow/.local/lib/python3.7/site-packages/airflow/example_dags/example_datasets.py
[2025-01-25T00:07:04.109+0000] {logging_mixin.py:150} INFO - [2025-01-25T00:07:04.109+0000] {dag.py:2742} INFO - Sync 6 DAGs
[2025-01-25T00:07:04.130+0000] {logging_mixin.py:150} INFO - [2025-01-25T00:07:04.130+0000] {dag.py:3508} INFO - Setting next_dagrun for dataset_consumes_1 to None, run_after=None
[2025-01-25T00:07:04.132+0000] {logging_mixin.py:150} INFO - [2025-01-25T00:07:04.132+0000] {dag.py:3508} INFO - Setting next_dagrun for dataset_consumes_1_and_2 to None, run_after=None
[2025-01-25T00:07:04.133+0000] {logging_mixin.py:150} INFO - [2025-01-25T00:07:04.133+0000] {dag.py:3508} INFO - Setting next_dagrun for dataset_consumes_1_never_scheduled to None, run_after=None
[2025-01-25T00:07:04.133+0000] {logging_mixin.py:150} INFO - [2025-01-25T00:07:04.133+0000] {dag.py:3508} INFO - Setting next_dagrun for dataset_consumes_unknown_never_scheduled to None, run_after=None
[2025-01-25T00:07:04.135+0000] {logging_mixin.py:150} INFO - [2025-01-25T00:07:04.135+0000] {dag.py:3508} INFO - Setting next_dagrun for dataset_produces_1 to 2025-01-24T00:00:00+00:00, run_after=2025-01-25T00:00:00+00:00
[2025-01-25T00:07:04.136+0000] {logging_mixin.py:150} INFO - [2025-01-25T00:07:04.136+0000] {dag.py:3508} INFO - Setting next_dagrun for dataset_produces_2 to None, run_after=None
[2025-01-25T00:07:04.159+0000] {processor.py:179} INFO - Processing /home/airflow/.local/lib/python3.7/site-packages/airflow/example_dags/example_datasets.py took 0.073 seconds
[2025-01-25T00:07:34.926+0000] {processor.py:157} INFO - Started process (PID=131) to work on /home/airflow/.local/lib/python3.7/site-packages/airflow/example_dags/example_datasets.py
[2025-01-25T00:07:34.927+0000] {processor.py:826} INFO - Processing file /home/airflow/.local/lib/python3.7/site-packages/airflow/example_dags/example_datasets.py for tasks to queue
[2025-01-25T00:07:34.927+0000] {logging_mixin.py:150} INFO - [2025-01-25T00:07:34.927+0000] {dagbag.py:541} INFO - Filling up the DagBag from /home/airflow/.local/lib/python3.7/site-packages/airflow/example_dags/example_datasets.py
[2025-01-25T00:07:34.935+0000] {processor.py:836} INFO - DAG(s) dict_keys(['dataset_produces_2', 'dataset_produces_1', 'dataset_consumes_1', 'dataset_consumes_unknown_never_scheduled', 'dataset_consumes_1_and_2', 'dataset_consumes_1_never_scheduled']) retrieved from /home/airflow/.local/lib/python3.7/site-packages/airflow/example_dags/example_datasets.py
[2025-01-25T00:07:34.950+0000] {logging_mixin.py:150} INFO - [2025-01-25T00:07:34.950+0000] {dag.py:2742} INFO - Sync 6 DAGs
[2025-01-25T00:07:34.973+0000] {logging_mixin.py:150} INFO - [2025-01-25T00:07:34.973+0000] {dag.py:3508} INFO - Setting next_dagrun for dataset_consumes_1 to None, run_after=None
[2025-01-25T00:07:34.976+0000] {logging_mixin.py:150} INFO - [2025-01-25T00:07:34.976+0000] {dag.py:3508} INFO - Setting next_dagrun for dataset_consumes_1_and_2 to None, run_after=None
[2025-01-25T00:07:34.977+0000] {logging_mixin.py:150} INFO - [2025-01-25T00:07:34.977+0000] {dag.py:3508} INFO - Setting next_dagrun for dataset_consumes_1_never_scheduled to None, run_after=None
[2025-01-25T00:07:34.977+0000] {logging_mixin.py:150} INFO - [2025-01-25T00:07:34.977+0000] {dag.py:3508} INFO - Setting next_dagrun for dataset_consumes_unknown_never_scheduled to None, run_after=None
[2025-01-25T00:07:34.980+0000] {logging_mixin.py:150} INFO - [2025-01-25T00:07:34.980+0000] {dag.py:3508} INFO - Setting next_dagrun for dataset_produces_1 to 2025-01-24T00:00:00+00:00, run_after=2025-01-25T00:00:00+00:00
[2025-01-25T00:07:34.981+0000] {logging_mixin.py:150} INFO - [2025-01-25T00:07:34.981+0000] {dag.py:3508} INFO - Setting next_dagrun for dataset_produces_2 to None, run_after=None
[2025-01-25T00:07:35.006+0000] {processor.py:179} INFO - Processing /home/airflow/.local/lib/python3.7/site-packages/airflow/example_dags/example_datasets.py took 0.082 seconds
[2025-01-25T00:08:30.024+0000] {processor.py:157} INFO - Started process (PID=72) to work on /home/airflow/.local/lib/python3.7/site-packages/airflow/example_dags/example_datasets.py
[2025-01-25T00:08:30.025+0000] {processor.py:826} INFO - Processing file /home/airflow/.local/lib/python3.7/site-packages/airflow/example_dags/example_datasets.py for tasks to queue
[2025-01-25T00:08:30.028+0000] {logging_mixin.py:150} INFO - [2025-01-25T00:08:30.028+0000] {dagbag.py:541} INFO - Filling up the DagBag from /home/airflow/.local/lib/python3.7/site-packages/airflow/example_dags/example_datasets.py
[2025-01-25T00:08:30.033+0000] {processor.py:836} INFO - DAG(s) dict_keys(['dataset_consumes_1_and_2', 'dataset_produces_2', 'dataset_consumes_1', 'dataset_produces_1', 'dataset_consumes_1_never_scheduled', 'dataset_consumes_unknown_never_scheduled']) retrieved from /home/airflow/.local/lib/python3.7/site-packages/airflow/example_dags/example_datasets.py
[2025-01-25T00:08:30.053+0000] {logging_mixin.py:150} INFO - [2025-01-25T00:08:30.053+0000] {dag.py:2742} INFO - Sync 6 DAGs
[2025-01-25T00:08:30.070+0000] {logging_mixin.py:150} INFO - [2025-01-25T00:08:30.070+0000] {dag.py:3508} INFO - Setting next_dagrun for dataset_consumes_1 to None, run_after=None
[2025-01-25T00:08:30.074+0000] {logging_mixin.py:150} INFO - [2025-01-25T00:08:30.074+0000] {dag.py:3508} INFO - Setting next_dagrun for dataset_consumes_1_and_2 to None, run_after=None
[2025-01-25T00:08:30.075+0000] {logging_mixin.py:150} INFO - [2025-01-25T00:08:30.075+0000] {dag.py:3508} INFO - Setting next_dagrun for dataset_consumes_1_never_scheduled to None, run_after=None
[2025-01-25T00:08:30.077+0000] {logging_mixin.py:150} INFO - [2025-01-25T00:08:30.076+0000] {dag.py:3508} INFO - Setting next_dagrun for dataset_consumes_unknown_never_scheduled to None, run_after=None
[2025-01-25T00:08:30.080+0000] {logging_mixin.py:150} INFO - [2025-01-25T00:08:30.079+0000] {dag.py:3508} INFO - Setting next_dagrun for dataset_produces_1 to 2025-01-24T00:00:00+00:00, run_after=2025-01-25T00:00:00+00:00
[2025-01-25T00:08:30.081+0000] {logging_mixin.py:150} INFO - [2025-01-25T00:08:30.081+0000] {dag.py:3508} INFO - Setting next_dagrun for dataset_produces_2 to None, run_after=None
[2025-01-25T00:08:30.102+0000] {processor.py:179} INFO - Processing /home/airflow/.local/lib/python3.7/site-packages/airflow/example_dags/example_datasets.py took 0.081 seconds
