[2025-01-25T00:07:03.071+0000] {processor.py:157} INFO - Started process (PID=43) to work on /home/airflow/.local/lib/python3.7/site-packages/airflow/example_dags/example_trigger_controller_dag.py
[2025-01-25T00:07:03.071+0000] {processor.py:826} INFO - Processing file /home/airflow/.local/lib/python3.7/site-packages/airflow/example_dags/example_trigger_controller_dag.py for tasks to queue
[2025-01-25T00:07:03.072+0000] {logging_mixin.py:150} INFO - [2025-01-25T00:07:03.072+0000] {dagbag.py:541} INFO - Filling up the DagBag from /home/airflow/.local/lib/python3.7/site-packages/airflow/example_dags/example_trigger_controller_dag.py
[2025-01-25T00:07:03.075+0000] {processor.py:836} INFO - DAG(s) dict_keys(['example_trigger_controller_dag']) retrieved from /home/airflow/.local/lib/python3.7/site-packages/airflow/example_dags/example_trigger_controller_dag.py
[2025-01-25T00:07:03.084+0000] {logging_mixin.py:150} INFO - [2025-01-25T00:07:03.084+0000] {dag.py:2742} INFO - Sync 1 DAGs
[2025-01-25T00:07:03.098+0000] {logging_mixin.py:150} INFO - [2025-01-25T00:07:03.098+0000] {dag.py:3508} INFO - Setting next_dagrun for example_trigger_controller_dag to 2021-01-01T00:00:00+00:00, run_after=2021-01-01T00:00:00+00:00
[2025-01-25T00:07:03.107+0000] {processor.py:179} INFO - Processing /home/airflow/.local/lib/python3.7/site-packages/airflow/example_dags/example_trigger_controller_dag.py took 0.038 seconds
[2025-01-25T00:07:34.129+0000] {processor.py:157} INFO - Started process (PID=110) to work on /home/airflow/.local/lib/python3.7/site-packages/airflow/example_dags/example_trigger_controller_dag.py
[2025-01-25T00:07:34.133+0000] {processor.py:826} INFO - Processing file /home/airflow/.local/lib/python3.7/site-packages/airflow/example_dags/example_trigger_controller_dag.py for tasks to queue
[2025-01-25T00:07:34.134+0000] {logging_mixin.py:150} INFO - [2025-01-25T00:07:34.134+0000] {dagbag.py:541} INFO - Filling up the DagBag from /home/airflow/.local/lib/python3.7/site-packages/airflow/example_dags/example_trigger_controller_dag.py
[2025-01-25T00:07:34.138+0000] {processor.py:836} INFO - DAG(s) dict_keys(['example_trigger_controller_dag']) retrieved from /home/airflow/.local/lib/python3.7/site-packages/airflow/example_dags/example_trigger_controller_dag.py
[2025-01-25T00:07:34.148+0000] {logging_mixin.py:150} INFO - [2025-01-25T00:07:34.148+0000] {dag.py:2742} INFO - Sync 1 DAGs
[2025-01-25T00:07:34.167+0000] {logging_mixin.py:150} INFO - [2025-01-25T00:07:34.167+0000] {dag.py:3508} INFO - Setting next_dagrun for example_trigger_controller_dag to 2021-01-01T00:00:00+00:00, run_after=2021-01-01T00:00:00+00:00
[2025-01-25T00:07:34.176+0000] {processor.py:179} INFO - Processing /home/airflow/.local/lib/python3.7/site-packages/airflow/example_dags/example_trigger_controller_dag.py took 0.050 seconds
[2025-01-25T00:08:29.256+0000] {processor.py:157} INFO - Started process (PID=44) to work on /home/airflow/.local/lib/python3.7/site-packages/airflow/example_dags/example_trigger_controller_dag.py
[2025-01-25T00:08:29.256+0000] {processor.py:826} INFO - Processing file /home/airflow/.local/lib/python3.7/site-packages/airflow/example_dags/example_trigger_controller_dag.py for tasks to queue
[2025-01-25T00:08:29.257+0000] {logging_mixin.py:150} INFO - [2025-01-25T00:08:29.257+0000] {dagbag.py:541} INFO - Filling up the DagBag from /home/airflow/.local/lib/python3.7/site-packages/airflow/example_dags/example_trigger_controller_dag.py
[2025-01-25T00:08:29.260+0000] {processor.py:836} INFO - DAG(s) dict_keys(['example_trigger_controller_dag']) retrieved from /home/airflow/.local/lib/python3.7/site-packages/airflow/example_dags/example_trigger_controller_dag.py
[2025-01-25T00:08:29.267+0000] {logging_mixin.py:150} INFO - [2025-01-25T00:08:29.267+0000] {dag.py:2742} INFO - Sync 1 DAGs
[2025-01-25T00:08:29.280+0000] {logging_mixin.py:150} INFO - [2025-01-25T00:08:29.280+0000] {dag.py:3508} INFO - Setting next_dagrun for example_trigger_controller_dag to 2021-01-01T00:00:00+00:00, run_after=2021-01-01T00:00:00+00:00
[2025-01-25T00:08:29.289+0000] {processor.py:179} INFO - Processing /home/airflow/.local/lib/python3.7/site-packages/airflow/example_dags/example_trigger_controller_dag.py took 0.035 seconds
