[2025-01-25T00:07:03.946+0000] {processor.py:157} INFO - Started process (PID=68) to work on /home/airflow/.local/lib/python3.7/site-packages/airflow/example_dags/example_skip_dag.py
[2025-01-25T00:07:03.947+0000] {processor.py:826} INFO - Processing file /home/airflow/.local/lib/python3.7/site-packages/airflow/example_dags/example_skip_dag.py for tasks to queue
[2025-01-25T00:07:03.948+0000] {logging_mixin.py:150} INFO - [2025-01-25T00:07:03.947+0000] {dagbag.py:541} INFO - Filling up the DagBag from /home/airflow/.local/lib/python3.7/site-packages/airflow/example_dags/example_skip_dag.py
[2025-01-25T00:07:03.957+0000] {processor.py:836} INFO - DAG(s) dict_keys(['example_skip_dag']) retrieved from /home/airflow/.local/lib/python3.7/site-packages/airflow/example_dags/example_skip_dag.py
[2025-01-25T00:07:03.974+0000] {logging_mixin.py:150} INFO - [2025-01-25T00:07:03.973+0000] {dag.py:2742} INFO - Sync 1 DAGs
[2025-01-25T00:07:03.999+0000] {logging_mixin.py:150} INFO - [2025-01-25T00:07:03.999+0000] {dag.py:3508} INFO - Setting next_dagrun for example_skip_dag to 2025-01-24T00:07:03.999535+00:00, run_after=2025-01-25T00:07:03.999535+00:00
[2025-01-25T00:07:04.026+0000] {processor.py:179} INFO - Processing /home/airflow/.local/lib/python3.7/site-packages/airflow/example_dags/example_skip_dag.py took 0.084 seconds
[2025-01-25T00:07:34.816+0000] {processor.py:157} INFO - Started process (PID=129) to work on /home/airflow/.local/lib/python3.7/site-packages/airflow/example_dags/example_skip_dag.py
[2025-01-25T00:07:34.817+0000] {processor.py:826} INFO - Processing file /home/airflow/.local/lib/python3.7/site-packages/airflow/example_dags/example_skip_dag.py for tasks to queue
[2025-01-25T00:07:34.818+0000] {logging_mixin.py:150} INFO - [2025-01-25T00:07:34.817+0000] {dagbag.py:541} INFO - Filling up the DagBag from /home/airflow/.local/lib/python3.7/site-packages/airflow/example_dags/example_skip_dag.py
[2025-01-25T00:07:34.824+0000] {processor.py:836} INFO - DAG(s) dict_keys(['example_skip_dag']) retrieved from /home/airflow/.local/lib/python3.7/site-packages/airflow/example_dags/example_skip_dag.py
[2025-01-25T00:07:34.835+0000] {logging_mixin.py:150} INFO - [2025-01-25T00:07:34.835+0000] {dag.py:2742} INFO - Sync 1 DAGs
[2025-01-25T00:07:34.851+0000] {logging_mixin.py:150} INFO - [2025-01-25T00:07:34.851+0000] {dag.py:3508} INFO - Setting next_dagrun for example_skip_dag to 2025-01-24T00:07:34.851161+00:00, run_after=2025-01-25T00:07:34.851161+00:00
[2025-01-25T00:07:34.866+0000] {processor.py:179} INFO - Processing /home/airflow/.local/lib/python3.7/site-packages/airflow/example_dags/example_skip_dag.py took 0.051 seconds
[2025-01-25T00:08:29.883+0000] {processor.py:157} INFO - Started process (PID=70) to work on /home/airflow/.local/lib/python3.7/site-packages/airflow/example_dags/example_skip_dag.py
[2025-01-25T00:08:29.884+0000] {processor.py:826} INFO - Processing file /home/airflow/.local/lib/python3.7/site-packages/airflow/example_dags/example_skip_dag.py for tasks to queue
[2025-01-25T00:08:29.885+0000] {logging_mixin.py:150} INFO - [2025-01-25T00:08:29.885+0000] {dagbag.py:541} INFO - Filling up the DagBag from /home/airflow/.local/lib/python3.7/site-packages/airflow/example_dags/example_skip_dag.py
[2025-01-25T00:08:29.894+0000] {processor.py:836} INFO - DAG(s) dict_keys(['example_skip_dag']) retrieved from /home/airflow/.local/lib/python3.7/site-packages/airflow/example_dags/example_skip_dag.py
[2025-01-25T00:08:29.906+0000] {logging_mixin.py:150} INFO - [2025-01-25T00:08:29.906+0000] {dag.py:2742} INFO - Sync 1 DAGs
[2025-01-25T00:08:29.940+0000] {logging_mixin.py:150} INFO - [2025-01-25T00:08:29.940+0000] {dag.py:3508} INFO - Setting next_dagrun for example_skip_dag to 2025-01-24T00:08:29.940313+00:00, run_after=2025-01-25T00:08:29.940313+00:00
[2025-01-25T00:08:29.954+0000] {processor.py:179} INFO - Processing /home/airflow/.local/lib/python3.7/site-packages/airflow/example_dags/example_skip_dag.py took 0.074 seconds
