[2025-01-25T00:07:04.040+0000] {processor.py:157} INFO - Started process (PID=69) to work on /home/airflow/.local/lib/python3.7/site-packages/airflow/example_dags/example_branch_labels.py
[2025-01-25T00:07:04.044+0000] {processor.py:826} INFO - Processing file /home/airflow/.local/lib/python3.7/site-packages/airflow/example_dags/example_branch_labels.py for tasks to queue
[2025-01-25T00:07:04.045+0000] {logging_mixin.py:150} INFO - [2025-01-25T00:07:04.045+0000] {dagbag.py:541} INFO - Filling up the DagBag from /home/airflow/.local/lib/python3.7/site-packages/airflow/example_dags/example_branch_labels.py
[2025-01-25T00:07:04.052+0000] {processor.py:836} INFO - DAG(s) dict_keys(['example_branch_labels']) retrieved from /home/airflow/.local/lib/python3.7/site-packages/airflow/example_dags/example_branch_labels.py
[2025-01-25T00:07:04.060+0000] {logging_mixin.py:150} INFO - [2025-01-25T00:07:04.060+0000] {dag.py:2742} INFO - Sync 1 DAGs
[2025-01-25T00:07:04.082+0000] {logging_mixin.py:150} INFO - [2025-01-25T00:07:04.082+0000] {dag.py:3508} INFO - Setting next_dagrun for example_branch_labels to 2025-01-24T00:00:00+00:00, run_after=2025-01-25T00:00:00+00:00
[2025-01-25T00:07:04.092+0000] {processor.py:179} INFO - Processing /home/airflow/.local/lib/python3.7/site-packages/airflow/example_dags/example_branch_labels.py took 0.054 seconds
[2025-01-25T00:07:34.879+0000] {processor.py:157} INFO - Started process (PID=130) to work on /home/airflow/.local/lib/python3.7/site-packages/airflow/example_dags/example_branch_labels.py
[2025-01-25T00:07:34.880+0000] {processor.py:826} INFO - Processing file /home/airflow/.local/lib/python3.7/site-packages/airflow/example_dags/example_branch_labels.py for tasks to queue
[2025-01-25T00:07:34.881+0000] {logging_mixin.py:150} INFO - [2025-01-25T00:07:34.880+0000] {dagbag.py:541} INFO - Filling up the DagBag from /home/airflow/.local/lib/python3.7/site-packages/airflow/example_dags/example_branch_labels.py
[2025-01-25T00:07:34.887+0000] {processor.py:836} INFO - DAG(s) dict_keys(['example_branch_labels']) retrieved from /home/airflow/.local/lib/python3.7/site-packages/airflow/example_dags/example_branch_labels.py
[2025-01-25T00:07:34.898+0000] {logging_mixin.py:150} INFO - [2025-01-25T00:07:34.898+0000] {dag.py:2742} INFO - Sync 1 DAGs
[2025-01-25T00:07:34.916+0000] {logging_mixin.py:150} INFO - [2025-01-25T00:07:34.916+0000] {dag.py:3508} INFO - Setting next_dagrun for example_branch_labels to 2025-01-24T00:00:00+00:00, run_after=2025-01-25T00:00:00+00:00
[2025-01-25T00:07:34.928+0000] {processor.py:179} INFO - Processing /home/airflow/.local/lib/python3.7/site-packages/airflow/example_dags/example_branch_labels.py took 0.051 seconds
[2025-01-25T00:08:29.966+0000] {processor.py:157} INFO - Started process (PID=71) to work on /home/airflow/.local/lib/python3.7/site-packages/airflow/example_dags/example_branch_labels.py
[2025-01-25T00:08:29.966+0000] {processor.py:826} INFO - Processing file /home/airflow/.local/lib/python3.7/site-packages/airflow/example_dags/example_branch_labels.py for tasks to queue
[2025-01-25T00:08:29.967+0000] {logging_mixin.py:150} INFO - [2025-01-25T00:08:29.967+0000] {dagbag.py:541} INFO - Filling up the DagBag from /home/airflow/.local/lib/python3.7/site-packages/airflow/example_dags/example_branch_labels.py
[2025-01-25T00:08:29.971+0000] {processor.py:836} INFO - DAG(s) dict_keys(['example_branch_labels']) retrieved from /home/airflow/.local/lib/python3.7/site-packages/airflow/example_dags/example_branch_labels.py
[2025-01-25T00:08:29.979+0000] {logging_mixin.py:150} INFO - [2025-01-25T00:08:29.979+0000] {dag.py:2742} INFO - Sync 1 DAGs
[2025-01-25T00:08:29.994+0000] {logging_mixin.py:150} INFO - [2025-01-25T00:08:29.994+0000] {dag.py:3508} INFO - Setting next_dagrun for example_branch_labels to 2025-01-24T00:00:00+00:00, run_after=2025-01-25T00:00:00+00:00
[2025-01-25T00:08:30.003+0000] {processor.py:179} INFO - Processing /home/airflow/.local/lib/python3.7/site-packages/airflow/example_dags/example_branch_labels.py took 0.039 seconds
