[2025-01-25T00:07:03.632+0000] {processor.py:157} INFO - Started process (PID=62) to work on /home/airflow/.local/lib/python3.7/site-packages/airflow/example_dags/example_short_circuit_decorator.py
[2025-01-25T00:07:03.632+0000] {processor.py:826} INFO - Processing file /home/airflow/.local/lib/python3.7/site-packages/airflow/example_dags/example_short_circuit_decorator.py for tasks to queue
[2025-01-25T00:07:03.633+0000] {logging_mixin.py:150} INFO - [2025-01-25T00:07:03.633+0000] {dagbag.py:541} INFO - Filling up the DagBag from /home/airflow/.local/lib/python3.7/site-packages/airflow/example_dags/example_short_circuit_decorator.py
[2025-01-25T00:07:03.641+0000] {processor.py:836} INFO - DAG(s) dict_keys(['example_short_circuit_decorator']) retrieved from /home/airflow/.local/lib/python3.7/site-packages/airflow/example_dags/example_short_circuit_decorator.py
[2025-01-25T00:07:03.667+0000] {logging_mixin.py:150} INFO - [2025-01-25T00:07:03.667+0000] {dag.py:2742} INFO - Sync 1 DAGs
[2025-01-25T00:07:03.708+0000] {logging_mixin.py:150} INFO - [2025-01-25T00:07:03.708+0000] {dag.py:3508} INFO - Setting next_dagrun for example_short_circuit_decorator to 2025-01-24T00:07:03.707598+00:00, run_after=2025-01-25T00:07:03.707598+00:00
[2025-01-25T00:07:03.747+0000] {processor.py:179} INFO - Processing /home/airflow/.local/lib/python3.7/site-packages/airflow/example_dags/example_short_circuit_decorator.py took 0.117 seconds
[2025-01-25T00:07:34.668+0000] {processor.py:157} INFO - Started process (PID=123) to work on /home/airflow/.local/lib/python3.7/site-packages/airflow/example_dags/example_short_circuit_decorator.py
[2025-01-25T00:07:34.669+0000] {processor.py:826} INFO - Processing file /home/airflow/.local/lib/python3.7/site-packages/airflow/example_dags/example_short_circuit_decorator.py for tasks to queue
[2025-01-25T00:07:34.670+0000] {logging_mixin.py:150} INFO - [2025-01-25T00:07:34.670+0000] {dagbag.py:541} INFO - Filling up the DagBag from /home/airflow/.local/lib/python3.7/site-packages/airflow/example_dags/example_short_circuit_decorator.py
[2025-01-25T00:07:34.679+0000] {processor.py:836} INFO - DAG(s) dict_keys(['example_short_circuit_decorator']) retrieved from /home/airflow/.local/lib/python3.7/site-packages/airflow/example_dags/example_short_circuit_decorator.py
[2025-01-25T00:07:34.687+0000] {logging_mixin.py:150} INFO - [2025-01-25T00:07:34.687+0000] {dag.py:2742} INFO - Sync 1 DAGs
[2025-01-25T00:07:34.699+0000] {logging_mixin.py:150} INFO - [2025-01-25T00:07:34.699+0000] {dag.py:3508} INFO - Setting next_dagrun for example_short_circuit_decorator to 2025-01-24T00:07:34.699660+00:00, run_after=2025-01-25T00:07:34.699660+00:00
[2025-01-25T00:07:34.708+0000] {processor.py:179} INFO - Processing /home/airflow/.local/lib/python3.7/site-packages/airflow/example_dags/example_short_circuit_decorator.py took 0.042 seconds
[2025-01-25T00:08:29.653+0000] {processor.py:157} INFO - Started process (PID=57) to work on /home/airflow/.local/lib/python3.7/site-packages/airflow/example_dags/example_short_circuit_decorator.py
[2025-01-25T00:08:29.653+0000] {processor.py:826} INFO - Processing file /home/airflow/.local/lib/python3.7/site-packages/airflow/example_dags/example_short_circuit_decorator.py for tasks to queue
[2025-01-25T00:08:29.656+0000] {logging_mixin.py:150} INFO - [2025-01-25T00:08:29.656+0000] {dagbag.py:541} INFO - Filling up the DagBag from /home/airflow/.local/lib/python3.7/site-packages/airflow/example_dags/example_short_circuit_decorator.py
[2025-01-25T00:08:29.661+0000] {processor.py:836} INFO - DAG(s) dict_keys(['example_short_circuit_decorator']) retrieved from /home/airflow/.local/lib/python3.7/site-packages/airflow/example_dags/example_short_circuit_decorator.py
[2025-01-25T00:08:29.666+0000] {logging_mixin.py:150} INFO - [2025-01-25T00:08:29.666+0000] {dag.py:2742} INFO - Sync 1 DAGs
[2025-01-25T00:08:29.679+0000] {logging_mixin.py:150} INFO - [2025-01-25T00:08:29.679+0000] {dag.py:3508} INFO - Setting next_dagrun for example_short_circuit_decorator to 2025-01-24T00:08:29.679438+00:00, run_after=2025-01-25T00:08:29.679438+00:00
[2025-01-25T00:08:29.687+0000] {processor.py:179} INFO - Processing /home/airflow/.local/lib/python3.7/site-packages/airflow/example_dags/example_short_circuit_decorator.py took 0.036 seconds
