[2025-01-25T00:07:04.239+0000] {processor.py:157} INFO - Started process (PID=74) to work on /home/airflow/.local/lib/python3.7/site-packages/airflow/example_dags/example_latest_only_with_trigger.py
[2025-01-25T00:07:04.240+0000] {processor.py:826} INFO - Processing file /home/airflow/.local/lib/python3.7/site-packages/airflow/example_dags/example_latest_only_with_trigger.py for tasks to queue
[2025-01-25T00:07:04.240+0000] {logging_mixin.py:150} INFO - [2025-01-25T00:07:04.240+0000] {dagbag.py:541} INFO - Filling up the DagBag from /home/airflow/.local/lib/python3.7/site-packages/airflow/example_dags/example_latest_only_with_trigger.py
[2025-01-25T00:07:04.246+0000] {processor.py:836} INFO - DAG(s) dict_keys(['latest_only_with_trigger']) retrieved from /home/airflow/.local/lib/python3.7/site-packages/airflow/example_dags/example_latest_only_with_trigger.py
[2025-01-25T00:07:04.254+0000] {logging_mixin.py:150} INFO - [2025-01-25T00:07:04.254+0000] {dag.py:2742} INFO - Sync 1 DAGs
[2025-01-25T00:07:04.276+0000] {logging_mixin.py:150} INFO - [2025-01-25T00:07:04.275+0000] {dag.py:3508} INFO - Setting next_dagrun for latest_only_with_trigger to 2025-01-24T20:07:04.274978+00:00, run_after=2025-01-25T00:07:04.274978+00:00
[2025-01-25T00:07:04.300+0000] {processor.py:179} INFO - Processing /home/airflow/.local/lib/python3.7/site-packages/airflow/example_dags/example_latest_only_with_trigger.py took 0.063 seconds
[2025-01-25T00:07:35.065+0000] {processor.py:157} INFO - Started process (PID=135) to work on /home/airflow/.local/lib/python3.7/site-packages/airflow/example_dags/example_latest_only_with_trigger.py
[2025-01-25T00:07:35.069+0000] {processor.py:826} INFO - Processing file /home/airflow/.local/lib/python3.7/site-packages/airflow/example_dags/example_latest_only_with_trigger.py for tasks to queue
[2025-01-25T00:07:35.069+0000] {logging_mixin.py:150} INFO - [2025-01-25T00:07:35.069+0000] {dagbag.py:541} INFO - Filling up the DagBag from /home/airflow/.local/lib/python3.7/site-packages/airflow/example_dags/example_latest_only_with_trigger.py
[2025-01-25T00:07:35.073+0000] {processor.py:836} INFO - DAG(s) dict_keys(['latest_only_with_trigger']) retrieved from /home/airflow/.local/lib/python3.7/site-packages/airflow/example_dags/example_latest_only_with_trigger.py
[2025-01-25T00:07:35.079+0000] {logging_mixin.py:150} INFO - [2025-01-25T00:07:35.079+0000] {dag.py:2742} INFO - Sync 1 DAGs
[2025-01-25T00:07:35.093+0000] {logging_mixin.py:150} INFO - [2025-01-25T00:07:35.093+0000] {dag.py:3508} INFO - Setting next_dagrun for latest_only_with_trigger to 2025-01-24T20:07:35.093134+00:00, run_after=2025-01-25T00:07:35.093134+00:00
[2025-01-25T00:07:35.101+0000] {processor.py:179} INFO - Processing /home/airflow/.local/lib/python3.7/site-packages/airflow/example_dags/example_latest_only_with_trigger.py took 0.037 seconds
[2025-01-25T00:08:30.192+0000] {processor.py:157} INFO - Started process (PID=76) to work on /home/airflow/.local/lib/python3.7/site-packages/airflow/example_dags/example_latest_only_with_trigger.py
[2025-01-25T00:08:30.194+0000] {processor.py:826} INFO - Processing file /home/airflow/.local/lib/python3.7/site-packages/airflow/example_dags/example_latest_only_with_trigger.py for tasks to queue
[2025-01-25T00:08:30.194+0000] {logging_mixin.py:150} INFO - [2025-01-25T00:08:30.194+0000] {dagbag.py:541} INFO - Filling up the DagBag from /home/airflow/.local/lib/python3.7/site-packages/airflow/example_dags/example_latest_only_with_trigger.py
[2025-01-25T00:08:30.199+0000] {processor.py:836} INFO - DAG(s) dict_keys(['latest_only_with_trigger']) retrieved from /home/airflow/.local/lib/python3.7/site-packages/airflow/example_dags/example_latest_only_with_trigger.py
[2025-01-25T00:08:30.207+0000] {logging_mixin.py:150} INFO - [2025-01-25T00:08:30.207+0000] {dag.py:2742} INFO - Sync 1 DAGs
[2025-01-25T00:08:30.230+0000] {logging_mixin.py:150} INFO - [2025-01-25T00:08:30.230+0000] {dag.py:3508} INFO - Setting next_dagrun for latest_only_with_trigger to 2025-01-24T20:08:30.230214+00:00, run_after=2025-01-25T00:08:30.230214+00:00
[2025-01-25T00:08:30.252+0000] {processor.py:179} INFO - Processing /home/airflow/.local/lib/python3.7/site-packages/airflow/example_dags/example_latest_only_with_trigger.py took 0.062 seconds
