[2025-01-25T00:07:03.494+0000] {processor.py:157} INFO - Started process (PID=58) to work on /home/airflow/.local/lib/python3.7/site-packages/airflow/example_dags/tutorial_taskflow_api.py
[2025-01-25T00:07:03.495+0000] {processor.py:826} INFO - Processing file /home/airflow/.local/lib/python3.7/site-packages/airflow/example_dags/tutorial_taskflow_api.py for tasks to queue
[2025-01-25T00:07:03.496+0000] {logging_mixin.py:150} INFO - [2025-01-25T00:07:03.496+0000] {dagbag.py:541} INFO - Filling up the DagBag from /home/airflow/.local/lib/python3.7/site-packages/airflow/example_dags/tutorial_taskflow_api.py
[2025-01-25T00:07:03.500+0000] {processor.py:836} INFO - DAG(s) dict_keys(['tutorial_taskflow_api']) retrieved from /home/airflow/.local/lib/python3.7/site-packages/airflow/example_dags/tutorial_taskflow_api.py
[2025-01-25T00:07:03.509+0000] {logging_mixin.py:150} INFO - [2025-01-25T00:07:03.509+0000] {dag.py:2742} INFO - Sync 1 DAGs
[2025-01-25T00:07:03.530+0000] {logging_mixin.py:150} INFO - [2025-01-25T00:07:03.530+0000] {dag.py:3508} INFO - Setting next_dagrun for tutorial_taskflow_api to None, run_after=None
[2025-01-25T00:07:03.559+0000] {processor.py:179} INFO - Processing /home/airflow/.local/lib/python3.7/site-packages/airflow/example_dags/tutorial_taskflow_api.py took 0.067 seconds
[2025-01-25T00:07:34.457+0000] {processor.py:157} INFO - Started process (PID=119) to work on /home/airflow/.local/lib/python3.7/site-packages/airflow/example_dags/tutorial_taskflow_api.py
[2025-01-25T00:07:34.461+0000] {processor.py:826} INFO - Processing file /home/airflow/.local/lib/python3.7/site-packages/airflow/example_dags/tutorial_taskflow_api.py for tasks to queue
[2025-01-25T00:07:34.461+0000] {logging_mixin.py:150} INFO - [2025-01-25T00:07:34.461+0000] {dagbag.py:541} INFO - Filling up the DagBag from /home/airflow/.local/lib/python3.7/site-packages/airflow/example_dags/tutorial_taskflow_api.py
[2025-01-25T00:07:34.465+0000] {processor.py:836} INFO - DAG(s) dict_keys(['tutorial_taskflow_api']) retrieved from /home/airflow/.local/lib/python3.7/site-packages/airflow/example_dags/tutorial_taskflow_api.py
[2025-01-25T00:07:34.532+0000] {logging_mixin.py:150} INFO - [2025-01-25T00:07:34.532+0000] {dag.py:2742} INFO - Sync 1 DAGs
[2025-01-25T00:07:34.563+0000] {logging_mixin.py:150} INFO - [2025-01-25T00:07:34.563+0000] {dag.py:3508} INFO - Setting next_dagrun for tutorial_taskflow_api to None, run_after=None
[2025-01-25T00:07:34.591+0000] {processor.py:179} INFO - Processing /home/airflow/.local/lib/python3.7/site-packages/airflow/example_dags/tutorial_taskflow_api.py took 0.135 seconds
[2025-01-25T00:08:29.560+0000] {processor.py:157} INFO - Started process (PID=53) to work on /home/airflow/.local/lib/python3.7/site-packages/airflow/example_dags/tutorial_taskflow_api.py
[2025-01-25T00:08:29.561+0000] {processor.py:826} INFO - Processing file /home/airflow/.local/lib/python3.7/site-packages/airflow/example_dags/tutorial_taskflow_api.py for tasks to queue
[2025-01-25T00:08:29.562+0000] {logging_mixin.py:150} INFO - [2025-01-25T00:08:29.562+0000] {dagbag.py:541} INFO - Filling up the DagBag from /home/airflow/.local/lib/python3.7/site-packages/airflow/example_dags/tutorial_taskflow_api.py
[2025-01-25T00:08:29.564+0000] {processor.py:836} INFO - DAG(s) dict_keys(['tutorial_taskflow_api']) retrieved from /home/airflow/.local/lib/python3.7/site-packages/airflow/example_dags/tutorial_taskflow_api.py
[2025-01-25T00:08:29.571+0000] {logging_mixin.py:150} INFO - [2025-01-25T00:08:29.571+0000] {dag.py:2742} INFO - Sync 1 DAGs
[2025-01-25T00:08:29.587+0000] {logging_mixin.py:150} INFO - [2025-01-25T00:08:29.587+0000] {dag.py:3508} INFO - Setting next_dagrun for tutorial_taskflow_api to None, run_after=None
[2025-01-25T00:08:29.595+0000] {processor.py:179} INFO - Processing /home/airflow/.local/lib/python3.7/site-packages/airflow/example_dags/tutorial_taskflow_api.py took 0.036 seconds
