[2025-01-25T00:07:02.645+0000] {processor.py:157} INFO - Started process (PID=33) to work on /home/airflow/.local/lib/python3.7/site-packages/airflow/example_dags/tutorial_dag.py
[2025-01-25T00:07:02.645+0000] {processor.py:826} INFO - Processing file /home/airflow/.local/lib/python3.7/site-packages/airflow/example_dags/tutorial_dag.py for tasks to queue
[2025-01-25T00:07:02.646+0000] {logging_mixin.py:150} INFO - [2025-01-25T00:07:02.646+0000] {dagbag.py:541} INFO - Filling up the DagBag from /home/airflow/.local/lib/python3.7/site-packages/airflow/example_dags/tutorial_dag.py
[2025-01-25T00:07:02.649+0000] {processor.py:836} INFO - DAG(s) dict_keys(['tutorial_dag']) retrieved from /home/airflow/.local/lib/python3.7/site-packages/airflow/example_dags/tutorial_dag.py
[2025-01-25T00:07:02.655+0000] {logging_mixin.py:150} INFO - [2025-01-25T00:07:02.655+0000] {dag.py:2742} INFO - Sync 1 DAGs
[2025-01-25T00:07:02.667+0000] {logging_mixin.py:150} INFO - [2025-01-25T00:07:02.667+0000] {dag.py:3508} INFO - Setting next_dagrun for tutorial_dag to None, run_after=None
[2025-01-25T00:07:02.675+0000] {processor.py:179} INFO - Processing /home/airflow/.local/lib/python3.7/site-packages/airflow/example_dags/tutorial_dag.py took 0.031 seconds
[2025-01-25T00:07:32.791+0000] {processor.py:157} INFO - Started process (PID=93) to work on /home/airflow/.local/lib/python3.7/site-packages/airflow/example_dags/tutorial_dag.py
[2025-01-25T00:07:32.792+0000] {processor.py:826} INFO - Processing file /home/airflow/.local/lib/python3.7/site-packages/airflow/example_dags/tutorial_dag.py for tasks to queue
[2025-01-25T00:07:32.793+0000] {logging_mixin.py:150} INFO - [2025-01-25T00:07:32.793+0000] {dagbag.py:541} INFO - Filling up the DagBag from /home/airflow/.local/lib/python3.7/site-packages/airflow/example_dags/tutorial_dag.py
[2025-01-25T00:07:32.795+0000] {processor.py:836} INFO - DAG(s) dict_keys(['tutorial_dag']) retrieved from /home/airflow/.local/lib/python3.7/site-packages/airflow/example_dags/tutorial_dag.py
[2025-01-25T00:07:32.802+0000] {logging_mixin.py:150} INFO - [2025-01-25T00:07:32.802+0000] {dag.py:2742} INFO - Sync 1 DAGs
[2025-01-25T00:07:32.818+0000] {logging_mixin.py:150} INFO - [2025-01-25T00:07:32.818+0000] {dag.py:3508} INFO - Setting next_dagrun for tutorial_dag to None, run_after=None
[2025-01-25T00:07:32.825+0000] {processor.py:179} INFO - Processing /home/airflow/.local/lib/python3.7/site-packages/airflow/example_dags/tutorial_dag.py took 0.038 seconds
[2025-01-25T00:08:28.861+0000] {processor.py:157} INFO - Started process (PID=34) to work on /home/airflow/.local/lib/python3.7/site-packages/airflow/example_dags/tutorial_dag.py
[2025-01-25T00:08:28.861+0000] {processor.py:826} INFO - Processing file /home/airflow/.local/lib/python3.7/site-packages/airflow/example_dags/tutorial_dag.py for tasks to queue
[2025-01-25T00:08:28.861+0000] {logging_mixin.py:150} INFO - [2025-01-25T00:08:28.861+0000] {dagbag.py:541} INFO - Filling up the DagBag from /home/airflow/.local/lib/python3.7/site-packages/airflow/example_dags/tutorial_dag.py
[2025-01-25T00:08:28.865+0000] {processor.py:836} INFO - DAG(s) dict_keys(['tutorial_dag']) retrieved from /home/airflow/.local/lib/python3.7/site-packages/airflow/example_dags/tutorial_dag.py
[2025-01-25T00:08:28.871+0000] {logging_mixin.py:150} INFO - [2025-01-25T00:08:28.871+0000] {dag.py:2742} INFO - Sync 1 DAGs
[2025-01-25T00:08:28.881+0000] {logging_mixin.py:150} INFO - [2025-01-25T00:08:28.881+0000] {dag.py:3508} INFO - Setting next_dagrun for tutorial_dag to None, run_after=None
[2025-01-25T00:08:28.888+0000] {processor.py:179} INFO - Processing /home/airflow/.local/lib/python3.7/site-packages/airflow/example_dags/tutorial_dag.py took 0.030 seconds
