[2025-01-25T00:07:02.526+0000] {manager.py:487} INFO - Processing files using up to 2 processes at a time 
[2025-01-25T00:07:02.526+0000] {manager.py:488} INFO - Process each file at most once every 30 seconds
[2025-01-25T00:07:02.526+0000] {manager.py:490} INFO - Checking for new files in /opt/airflow/dags every 300 seconds
[2025-01-25T00:07:02.527+0000] {manager.py:758} INFO - Searching for files in /opt/airflow/dags
[2025-01-25T00:07:02.532+0000] {manager.py:761} INFO - There are 46 files in /opt/airflow/dags
[2025-01-25T00:07:02.613+0000] {manager.py:889} INFO - 
================================================================================
DAG File Processing Stats

File Path                                                                                                                           PID  Runtime      # DAGs    # Errors  Last Runtime    Last Run
--------------------------------------------------------------------------------------------------------------------------------  -----  ---------  --------  ----------  --------------  ----------
/home/airflow/.local/lib/python3.7/site-packages/airflow/example_dags/example_sensors.py                                             31  0.05s             0           0
/home/airflow/.local/lib/python3.7/site-packages/airflow/example_dags/example_xcomargs.py                                            32  0.03s             0           0
/home/airflow/.local/lib/python3.7/site-packages/airflow/example_dags/tutorial_dag.py                                                                      0           0
/home/airflow/.local/lib/python3.7/site-packages/airflow/example_dags/example_branch_operator_decorator.py                                                 0           0
/home/airflow/.local/lib/python3.7/site-packages/airflow/example_dags/example_bash_operator.py                                                             0           0
/home/airflow/.local/lib/python3.7/site-packages/airflow/example_dags/example_dag_decorator.py                                                             0           0
/home/airflow/.local/lib/python3.7/site-packages/airflow/example_dags/example_kubernetes_executor.py                                                       0           0
/home/airflow/.local/lib/python3.7/site-packages/airflow/example_dags/example_branch_operator.py                                                           0           0
/home/airflow/.local/lib/python3.7/site-packages/airflow/example_dags/example_task_group.py                                                                0           0
/home/airflow/.local/lib/python3.7/site-packages/airflow/example_dags/example_params_ui_tutorial.py                                                        0           0
/home/airflow/.local/lib/python3.7/site-packages/airflow/example_dags/example_branch_python_dop_operator_3.py                                              0           0
/home/airflow/.local/lib/python3.7/site-packages/airflow/example_dags/example_trigger_target_dag.py                                                        0           0
/home/airflow/.local/lib/python3.7/site-packages/airflow/example_dags/example_trigger_controller_dag.py                                                    0           0
/home/airflow/.local/lib/python3.7/site-packages/airflow/example_dags/example_subdag_operator.py                                                           0           0
/home/airflow/.local/lib/python3.7/site-packages/airflow/example_dags/example_sla_dag.py                                                                   0           0
/home/airflow/.local/lib/python3.7/site-packages/airflow/example_dags/example_branch_datetime_operator.py                                                  0           0
/home/airflow/.local/lib/python3.7/site-packages/airflow/example_dags/example_xcom.py                                                                      0           0
/home/airflow/.local/lib/python3.7/site-packages/airflow/example_dags/example_sensor_decorator.py                                                          0           0
/home/airflow/.local/lib/python3.7/site-packages/airflow/example_dags/example_nested_branch_dag.py                                                         0           0
/home/airflow/.local/lib/python3.7/site-packages/airflow/example_dags/example_complex.py                                                                   0           0
/home/airflow/.local/lib/python3.7/site-packages/airflow/example_dags/example_dynamic_task_mapping_with_no_taskflow_operators.py                           0           0
/home/airflow/.local/lib/python3.7/site-packages/airflow/example_dags/tutorial_taskflow_api.py                                                             0           0
/home/airflow/.local/lib/python3.7/site-packages/airflow/example_dags/example_short_circuit_operator.py                                                    0           0
/home/airflow/.local/lib/python3.7/site-packages/airflow/example_dags/example_latest_only.py                                                               0           0
/home/airflow/.local/lib/python3.7/site-packages/airflow/example_dags/example_setup_teardown.py                                                            0           0
/home/airflow/.local/lib/python3.7/site-packages/airflow/example_dags/example_short_circuit_decorator.py                                                   0           0
/home/airflow/.local/lib/python3.7/site-packages/airflow/example_dags/tutorial.py                                                                          0           0
/home/airflow/.local/lib/python3.7/site-packages/airflow/example_dags/tutorial_taskflow_api_virtualenv.py                                                  0           0
/home/airflow/.local/lib/python3.7/site-packages/airflow/example_dags/example_passing_params_via_test_command.py                                           0           0
/home/airflow/.local/lib/python3.7/site-packages/airflow/example_dags/example_local_kubernetes_executor.py                                                 0           0
/home/airflow/.local/lib/python3.7/site-packages/airflow/example_dags/example_setup_teardown_taskflow.py                                                   0           0
/home/airflow/.local/lib/python3.7/site-packages/airflow/example_dags/example_skip_dag.py                                                                  0           0
/home/airflow/.local/lib/python3.7/site-packages/airflow/example_dags/example_branch_labels.py                                                             0           0
/home/airflow/.local/lib/python3.7/site-packages/airflow/example_dags/example_datasets.py                                                                  0           0
/home/airflow/.local/lib/python3.7/site-packages/airflow/example_dags/example_branch_day_of_week_operator.py                                               0           0
/home/airflow/.local/lib/python3.7/site-packages/airflow/example_dags/example_params_trigger_ui.py                                                         0           0
/home/airflow/.local/lib/python3.7/site-packages/airflow/example_dags/example_dynamic_task_mapping.py                                                      0           0
/home/airflow/.local/lib/python3.7/site-packages/airflow/example_dags/example_latest_only_with_trigger.py                                                  0           0
/home/airflow/.local/lib/python3.7/site-packages/airflow/example_dags/example_python_operator.py                                                           0           0
/home/airflow/.local/lib/python3.7/site-packages/airflow/example_dags/example_time_delta_sensor_async.py                                                   0           0
/home/airflow/.local/lib/python3.7/site-packages/airflow/example_dags/example_external_task_marker_dag.py                                                  0           0
/home/airflow/.local/lib/python3.7/site-packages/airflow/example_dags/example_task_group_decorator.py                                                      0           0
/home/airflow/.local/lib/python3.7/site-packages/airflow/example_dags/subdags/subdag.py                                                                    0           0
/home/airflow/.local/lib/python3.7/site-packages/airflow/example_dags/plugins/listener_plugin.py                                                           0           0
/home/airflow/.local/lib/python3.7/site-packages/airflow/example_dags/plugins/event_listener.py                                                            0           0
/home/airflow/.local/lib/python3.7/site-packages/airflow/example_dags/plugins/workday.py                                                                   0           0
================================================================================
[2025-01-25T00:07:32.699+0000] {manager.py:889} INFO - 
================================================================================
DAG File Processing Stats

File Path                                                                                                                           PID  Runtime      # DAGs    # Errors  Last Runtime    Last Run
--------------------------------------------------------------------------------------------------------------------------------  -----  ---------  --------  ----------  --------------  -------------------
/home/airflow/.local/lib/python3.7/site-packages/airflow/example_dags/example_setup_teardown.py                                                            0           0  0.03s           2025-01-25T00:07:03
/home/airflow/.local/lib/python3.7/site-packages/airflow/example_dags/example_setup_teardown_taskflow.py                                                   0           0  0.04s           2025-01-25T00:07:03
/home/airflow/.local/lib/python3.7/site-packages/airflow/example_dags/subdags/subdag.py                                                                    0           0  0.05s           2025-01-25T00:07:04
/home/airflow/.local/lib/python3.7/site-packages/airflow/example_dags/plugins/listener_plugin.py                                                           0           0  0.02s           2025-01-25T00:07:04
/home/airflow/.local/lib/python3.7/site-packages/airflow/example_dags/plugins/event_listener.py                                                            0           0  0.02s           2025-01-25T00:07:04
/home/airflow/.local/lib/python3.7/site-packages/airflow/example_dags/plugins/workday.py                                                                   0           0  0.86s           2025-01-25T00:07:05
/home/airflow/.local/lib/python3.7/site-packages/airflow/example_dags/example_sensors.py                                             91  0.01s             1           0  0.08s           2025-01-25T00:07:02
/home/airflow/.local/lib/python3.7/site-packages/airflow/example_dags/tutorial_dag.py                                                                      1           0  0.04s           2025-01-25T00:07:02
/home/airflow/.local/lib/python3.7/site-packages/airflow/example_dags/example_branch_operator_decorator.py                                                 1           0  0.04s           2025-01-25T00:07:02
/home/airflow/.local/lib/python3.7/site-packages/airflow/example_dags/example_bash_operator.py                                                             1           0  0.05s           2025-01-25T00:07:02
/home/airflow/.local/lib/python3.7/site-packages/airflow/example_dags/example_dag_decorator.py                                                             1           0  0.06s           2025-01-25T00:07:02
/home/airflow/.local/lib/python3.7/site-packages/airflow/example_dags/example_kubernetes_executor.py                                                       1           0  0.58s           2025-01-25T00:07:03
/home/airflow/.local/lib/python3.7/site-packages/airflow/example_dags/example_branch_operator.py                                                           1           0  0.08s           2025-01-25T00:07:02
/home/airflow/.local/lib/python3.7/site-packages/airflow/example_dags/example_task_group.py                                                                1           0  0.04s           2025-01-25T00:07:02
/home/airflow/.local/lib/python3.7/site-packages/airflow/example_dags/example_params_ui_tutorial.py                                                        1           0  0.06s           2025-01-25T00:07:02
/home/airflow/.local/lib/python3.7/site-packages/airflow/example_dags/example_branch_python_dop_operator_3.py                                              1           0  0.05s           2025-01-25T00:07:03
/home/airflow/.local/lib/python3.7/site-packages/airflow/example_dags/example_trigger_target_dag.py                                                        1           0  0.04s           2025-01-25T00:07:03
/home/airflow/.local/lib/python3.7/site-packages/airflow/example_dags/example_trigger_controller_dag.py                                                    1           0  0.05s           2025-01-25T00:07:03
/home/airflow/.local/lib/python3.7/site-packages/airflow/example_dags/example_sla_dag.py                                                                   1           0  0.05s           2025-01-25T00:07:03
/home/airflow/.local/lib/python3.7/site-packages/airflow/example_dags/example_xcom.py                                                                      1           0  0.07s           2025-01-25T00:07:03
/home/airflow/.local/lib/python3.7/site-packages/airflow/example_dags/example_sensor_decorator.py                                                          1           0  0.08s           2025-01-25T00:07:03
/home/airflow/.local/lib/python3.7/site-packages/airflow/example_dags/example_nested_branch_dag.py                                                         1           0  0.09s           2025-01-25T00:07:03
/home/airflow/.local/lib/python3.7/site-packages/airflow/example_dags/example_complex.py                                                                   1           0  0.06s           2025-01-25T00:07:03
/home/airflow/.local/lib/python3.7/site-packages/airflow/example_dags/example_dynamic_task_mapping_with_no_taskflow_operators.py                           1           0  0.06s           2025-01-25T00:07:03
/home/airflow/.local/lib/python3.7/site-packages/airflow/example_dags/tutorial_taskflow_api.py                                                             1           0  0.08s           2025-01-25T00:07:03
/home/airflow/.local/lib/python3.7/site-packages/airflow/example_dags/example_short_circuit_operator.py                                                    1           0  0.07s           2025-01-25T00:07:03
/home/airflow/.local/lib/python3.7/site-packages/airflow/example_dags/example_latest_only.py                                                               1           0  0.08s           2025-01-25T00:07:03
/home/airflow/.local/lib/python3.7/site-packages/airflow/example_dags/example_short_circuit_decorator.py                                                   1           0  0.13s           2025-01-25T00:07:03
/home/airflow/.local/lib/python3.7/site-packages/airflow/example_dags/tutorial.py                                                                          1           0  0.14s           2025-01-25T00:07:03
/home/airflow/.local/lib/python3.7/site-packages/airflow/example_dags/tutorial_taskflow_api_virtualenv.py                                                  1           0  0.11s           2025-01-25T00:07:03
/home/airflow/.local/lib/python3.7/site-packages/airflow/example_dags/example_passing_params_via_test_command.py                                           1           0  0.08s           2025-01-25T00:07:03
/home/airflow/.local/lib/python3.7/site-packages/airflow/example_dags/example_local_kubernetes_executor.py                                                 1           0  0.20s           2025-01-25T00:07:04
/home/airflow/.local/lib/python3.7/site-packages/airflow/example_dags/example_skip_dag.py                                                                  1           0  0.09s           2025-01-25T00:07:04
/home/airflow/.local/lib/python3.7/site-packages/airflow/example_dags/example_branch_labels.py                                                             1           0  0.06s           2025-01-25T00:07:04
/home/airflow/.local/lib/python3.7/site-packages/airflow/example_dags/example_branch_day_of_week_operator.py                                               1           0  0.07s           2025-01-25T00:07:04
/home/airflow/.local/lib/python3.7/site-packages/airflow/example_dags/example_params_trigger_ui.py                                                         1           0  0.07s           2025-01-25T00:07:04
/home/airflow/.local/lib/python3.7/site-packages/airflow/example_dags/example_dynamic_task_mapping.py                                                      1           0  0.05s           2025-01-25T00:07:04
/home/airflow/.local/lib/python3.7/site-packages/airflow/example_dags/example_latest_only_with_trigger.py                                                  1           0  0.07s           2025-01-25T00:07:04
/home/airflow/.local/lib/python3.7/site-packages/airflow/example_dags/example_python_operator.py                                                           1           0  0.07s           2025-01-25T00:07:04
/home/airflow/.local/lib/python3.7/site-packages/airflow/example_dags/example_time_delta_sensor_async.py                                                   1           0  0.09s           2025-01-25T00:07:04
/home/airflow/.local/lib/python3.7/site-packages/airflow/example_dags/example_task_group_decorator.py                                                      1           0  0.09s           2025-01-25T00:07:04
/home/airflow/.local/lib/python3.7/site-packages/airflow/example_dags/example_xcomargs.py                                            92  0.00s             2           0  0.07s           2025-01-25T00:07:02
/home/airflow/.local/lib/python3.7/site-packages/airflow/example_dags/example_external_task_marker_dag.py                                                  2           0  0.05s           2025-01-25T00:07:04
/home/airflow/.local/lib/python3.7/site-packages/airflow/example_dags/example_subdag_operator.py                                                           3           0  0.06s           2025-01-25T00:07:03
/home/airflow/.local/lib/python3.7/site-packages/airflow/example_dags/example_branch_datetime_operator.py                                                  3           0  0.05s           2025-01-25T00:07:03
/home/airflow/.local/lib/python3.7/site-packages/airflow/example_dags/example_datasets.py                                                                  6           0  0.08s           2025-01-25T00:07:04
================================================================================
[2025-01-25T00:08:02.305+0000] {manager.py:470} INFO - Exiting gracefully upon receiving signal 15
[2025-01-25T00:08:28.753+0000] {manager.py:487} INFO - Processing files using up to 2 processes at a time 
[2025-01-25T00:08:28.753+0000] {manager.py:488} INFO - Process each file at most once every 30 seconds
[2025-01-25T00:08:28.753+0000] {manager.py:490} INFO - Checking for new files in /opt/airflow/dags every 300 seconds
[2025-01-25T00:08:28.753+0000] {manager.py:758} INFO - Searching for files in /opt/airflow/dags
[2025-01-25T00:08:28.757+0000] {manager.py:761} INFO - There are 46 files in /opt/airflow/dags
[2025-01-25T00:08:28.822+0000] {manager.py:889} INFO - 
================================================================================
DAG File Processing Stats

File Path                                                                                                                           PID  Runtime      # DAGs    # Errors  Last Runtime    Last Run
--------------------------------------------------------------------------------------------------------------------------------  -----  ---------  --------  ----------  --------------  ----------
/home/airflow/.local/lib/python3.7/site-packages/airflow/example_dags/example_sensors.py                                             32  0.04s             0           0
/home/airflow/.local/lib/python3.7/site-packages/airflow/example_dags/example_xcomargs.py                                            33  0.02s             0           0
/home/airflow/.local/lib/python3.7/site-packages/airflow/example_dags/tutorial_dag.py                                                                      0           0
/home/airflow/.local/lib/python3.7/site-packages/airflow/example_dags/example_branch_operator_decorator.py                                                 0           0
/home/airflow/.local/lib/python3.7/site-packages/airflow/example_dags/example_bash_operator.py                                                             0           0
/home/airflow/.local/lib/python3.7/site-packages/airflow/example_dags/example_dag_decorator.py                                                             0           0
/home/airflow/.local/lib/python3.7/site-packages/airflow/example_dags/example_kubernetes_executor.py                                                       0           0
/home/airflow/.local/lib/python3.7/site-packages/airflow/example_dags/example_branch_operator.py                                                           0           0
/home/airflow/.local/lib/python3.7/site-packages/airflow/example_dags/example_task_group.py                                                                0           0
/home/airflow/.local/lib/python3.7/site-packages/airflow/example_dags/example_params_ui_tutorial.py                                                        0           0
/home/airflow/.local/lib/python3.7/site-packages/airflow/example_dags/example_branch_python_dop_operator_3.py                                              0           0
/home/airflow/.local/lib/python3.7/site-packages/airflow/example_dags/example_trigger_target_dag.py                                                        0           0
/home/airflow/.local/lib/python3.7/site-packages/airflow/example_dags/example_trigger_controller_dag.py                                                    0           0
/home/airflow/.local/lib/python3.7/site-packages/airflow/example_dags/example_subdag_operator.py                                                           0           0
/home/airflow/.local/lib/python3.7/site-packages/airflow/example_dags/example_sla_dag.py                                                                   0           0
/home/airflow/.local/lib/python3.7/site-packages/airflow/example_dags/example_branch_datetime_operator.py                                                  0           0
/home/airflow/.local/lib/python3.7/site-packages/airflow/example_dags/example_xcom.py                                                                      0           0
/home/airflow/.local/lib/python3.7/site-packages/airflow/example_dags/example_sensor_decorator.py                                                          0           0
/home/airflow/.local/lib/python3.7/site-packages/airflow/example_dags/example_nested_branch_dag.py                                                         0           0
/home/airflow/.local/lib/python3.7/site-packages/airflow/example_dags/example_complex.py                                                                   0           0
/home/airflow/.local/lib/python3.7/site-packages/airflow/example_dags/example_dynamic_task_mapping_with_no_taskflow_operators.py                           0           0
/home/airflow/.local/lib/python3.7/site-packages/airflow/example_dags/tutorial_taskflow_api.py                                                             0           0
/home/airflow/.local/lib/python3.7/site-packages/airflow/example_dags/example_short_circuit_operator.py                                                    0           0
/home/airflow/.local/lib/python3.7/site-packages/airflow/example_dags/example_latest_only.py                                                               0           0
/home/airflow/.local/lib/python3.7/site-packages/airflow/example_dags/example_setup_teardown.py                                                            0           0
/home/airflow/.local/lib/python3.7/site-packages/airflow/example_dags/example_short_circuit_decorator.py                                                   0           0
/home/airflow/.local/lib/python3.7/site-packages/airflow/example_dags/tutorial.py                                                                          0           0
/home/airflow/.local/lib/python3.7/site-packages/airflow/example_dags/tutorial_taskflow_api_virtualenv.py                                                  0           0
/home/airflow/.local/lib/python3.7/site-packages/airflow/example_dags/example_passing_params_via_test_command.py                                           0           0
/home/airflow/.local/lib/python3.7/site-packages/airflow/example_dags/example_local_kubernetes_executor.py                                                 0           0
/home/airflow/.local/lib/python3.7/site-packages/airflow/example_dags/example_setup_teardown_taskflow.py                                                   0           0
/home/airflow/.local/lib/python3.7/site-packages/airflow/example_dags/example_skip_dag.py                                                                  0           0
/home/airflow/.local/lib/python3.7/site-packages/airflow/example_dags/example_branch_labels.py                                                             0           0
/home/airflow/.local/lib/python3.7/site-packages/airflow/example_dags/example_datasets.py                                                                  0           0
/home/airflow/.local/lib/python3.7/site-packages/airflow/example_dags/example_branch_day_of_week_operator.py                                               0           0
/home/airflow/.local/lib/python3.7/site-packages/airflow/example_dags/example_params_trigger_ui.py                                                         0           0
/home/airflow/.local/lib/python3.7/site-packages/airflow/example_dags/example_dynamic_task_mapping.py                                                      0           0
/home/airflow/.local/lib/python3.7/site-packages/airflow/example_dags/example_latest_only_with_trigger.py                                                  0           0
/home/airflow/.local/lib/python3.7/site-packages/airflow/example_dags/example_python_operator.py                                                           0           0
/home/airflow/.local/lib/python3.7/site-packages/airflow/example_dags/example_time_delta_sensor_async.py                                                   0           0
/home/airflow/.local/lib/python3.7/site-packages/airflow/example_dags/example_external_task_marker_dag.py                                                  0           0
/home/airflow/.local/lib/python3.7/site-packages/airflow/example_dags/example_task_group_decorator.py                                                      0           0
/home/airflow/.local/lib/python3.7/site-packages/airflow/example_dags/subdags/subdag.py                                                                    0           0
/home/airflow/.local/lib/python3.7/site-packages/airflow/example_dags/plugins/listener_plugin.py                                                           0           0
/home/airflow/.local/lib/python3.7/site-packages/airflow/example_dags/plugins/event_listener.py                                                            0           0
/home/airflow/.local/lib/python3.7/site-packages/airflow/example_dags/plugins/workday.py                                                                   0           0
================================================================================
[2025-01-25T00:08:36.565+0000] {manager.py:470} INFO - Exiting gracefully upon receiving signal 15
